{"D:\\Faza\\Program\\ParentShield\\resources\\js\\app\\App.tsx": {"path":"D:\\Faza\\Program\\ParentShield\\resources\\js\\app\\App.tsx","all":false,"statementMap":{"0":{"start":{"line":1,"column":0},"end":{"line":1,"column":87}},"19":{"start":{"line":20,"column":0},"end":{"line":20,"column":60}},"20":{"start":{"line":21,"column":0},"end":{"line":21,"column":49}},"22":{"start":{"line":23,"column":0},"end":{"line":23,"column":89}},"23":{"start":{"line":24,"column":0},"end":{"line":24,"column":82}},"24":{"start":{"line":25,"column":0},"end":{"line":25,"column":1}},"26":{"start":{"line":27,"column":0},"end":{"line":27,"column":32}},"27":{"start":{"line":28,"column":0},"end":{"line":28,"column":33}},"28":{"start":{"line":29,"column":0},"end":{"line":29,"column":33}},"30":{"start":{"line":31,"column":0},"end":{"line":31,"column":19}},"31":{"start":{"line":32,"column":0},"end":{"line":32,"column":41}},"32":{"start":{"line":33,"column":0},"end":{"line":33,"column":67}},"33":{"start":{"line":34,"column":0},"end":{"line":34,"column":38}},"34":{"start":{"line":35,"column":0},"end":{"line":35,"column":56}},"35":{"start":{"line":36,"column":0},"end":{"line":36,"column":7}},"36":{"start":{"line":37,"column":0},"end":{"line":37,"column":40}},"37":{"start":{"line":38,"column":0},"end":{"line":38,"column":6}},"38":{"start":{"line":39,"column":0},"end":{"line":39,"column":53}},"39":{"start":{"line":40,"column":0},"end":{"line":40,"column":69}},"40":{"start":{"line":41,"column":0},"end":{"line":41,"column":27}},"42":{"start":{"line":43,"column":0},"end":{"line":43,"column":14}},"43":{"start":{"line":44,"column":0},"end":{"line":44,"column":1}},"45":{"start":{"line":46,"column":0},"end":{"line":46,"column":26}},"46":{"start":{"line":47,"column":0},"end":{"line":47,"column":33}},"47":{"start":{"line":48,"column":0},"end":{"line":48,"column":33}},"49":{"start":{"line":50,"column":0},"end":{"line":50,"column":19}},"50":{"start":{"line":51,"column":0},"end":{"line":51,"column":68}},"51":{"start":{"line":52,"column":0},"end":{"line":52,"column":27}},"53":{"start":{"line":54,"column":0},"end":{"line":54,"column":14}},"54":{"start":{"line":55,"column":0},"end":{"line":55,"column":1}},"56":{"start":{"line":57,"column":0},"end":{"line":57,"column":31}},"57":{"start":{"line":58,"column":0},"end":{"line":58,"column":10}},"58":{"start":{"line":59,"column":0},"end":{"line":59,"column":19}},"59":{"start":{"line":60,"column":0},"end":{"line":60,"column":21}},"60":{"start":{"line":61,"column":0},"end":{"line":61,"column":22}},"61":{"start":{"line":62,"column":0},"end":{"line":62,"column":33}},"62":{"start":{"line":63,"column":0},"end":{"line":63,"column":18}},"63":{"start":{"line":64,"column":0},"end":{"line":64,"column":73}},"64":{"start":{"line":65,"column":0},"end":{"line":65,"column":80}},"65":{"start":{"line":66,"column":0},"end":{"line":66,"column":86}},"66":{"start":{"line":67,"column":0},"end":{"line":67,"column":99}},"67":{"start":{"line":68,"column":0},"end":{"line":68,"column":64}},"69":{"start":{"line":70,"column":0},"end":{"line":70,"column":48}},"70":{"start":{"line":71,"column":0},"end":{"line":71,"column":71}},"71":{"start":{"line":72,"column":0},"end":{"line":72,"column":49}},"72":{"start":{"line":73,"column":0},"end":{"line":73,"column":47}},"73":{"start":{"line":74,"column":0},"end":{"line":74,"column":69}},"74":{"start":{"line":75,"column":0},"end":{"line":75,"column":67}},"75":{"start":{"line":76,"column":0},"end":{"line":76,"column":65}},"76":{"start":{"line":77,"column":0},"end":{"line":77,"column":67}},"77":{"start":{"line":78,"column":0},"end":{"line":78,"column":82}},"78":{"start":{"line":79,"column":0},"end":{"line":79,"column":24}},"79":{"start":{"line":80,"column":0},"end":{"line":80,"column":22}},"80":{"start":{"line":81,"column":0},"end":{"line":81,"column":20}},"82":{"start":{"line":83,"column":0},"end":{"line":83,"column":53}},"83":{"start":{"line":84,"column":0},"end":{"line":84,"column":19}},"84":{"start":{"line":85,"column":0},"end":{"line":85,"column":23}},"85":{"start":{"line":86,"column":0},"end":{"line":86,"column":22}},"86":{"start":{"line":87,"column":0},"end":{"line":87,"column":24}},"87":{"start":{"line":88,"column":0},"end":{"line":88,"column":20}},"89":{"start":{"line":90,"column":0},"end":{"line":90,"column":1}}},"s":{"0":1,"19":2,"20":2,"22":2,"23":2,"24":2,"26":2,"27":2,"28":2,"30":2,"31":2,"32":0,"33":0,"34":0,"35":0,"36":0,"37":0,"38":2,"39":2,"40":2,"42":2,"43":2,"45":0,"46":0,"47":0,"49":0,"50":0,"51":0,"53":0,"54":0,"56":2,"57":2,"58":2,"59":2,"60":2,"61":2,"62":2,"63":2,"64":2,"65":2,"66":2,"67":2,"69":2,"70":2,"71":2,"72":2,"73":2,"74":2,"75":2,"76":2,"77":2,"78":2,"79":2,"80":2,"82":2,"83":2,"84":2,"85":2,"86":2,"87":2,"89":2},"branchMap":{"0":{"type":"branch","line":20,"loc":{"start":{"line":20,"column":0},"end":{"line":25,"column":1}},"locations":[{"start":{"line":20,"column":0},"end":{"line":25,"column":1}}]},"1":{"type":"branch","line":23,"loc":{"start":{"line":23,"column":15},"end":{"line":23,"column":89}},"locations":[{"start":{"line":23,"column":15},"end":{"line":23,"column":89}}]},"2":{"type":"branch","line":24,"loc":{"start":{"line":24,"column":9},"end":{"line":24,"column":66}},"locations":[{"start":{"line":24,"column":9},"end":{"line":24,"column":66}}]},"3":{"type":"branch","line":27,"loc":{"start":{"line":27,"column":0},"end":{"line":44,"column":1}},"locations":[{"start":{"line":27,"column":0},"end":{"line":44,"column":1}}]},"4":{"type":"branch","line":31,"loc":{"start":{"line":31,"column":12},"end":{"line":41,"column":5}},"locations":[{"start":{"line":31,"column":12},"end":{"line":41,"column":5}}]},"5":{"type":"branch","line":40,"loc":{"start":{"line":40,"column":11},"end":{"line":40,"column":69}},"locations":[{"start":{"line":40,"column":11},"end":{"line":40,"column":69}}]},"6":{"type":"branch","line":57,"loc":{"start":{"line":57,"column":0},"end":{"line":90,"column":1}},"locations":[{"start":{"line":57,"column":0},"end":{"line":90,"column":1}}]}},"b":{"0":[2],"1":[0],"2":[0],"3":[2],"4":[2],"5":[2],"6":[2]},"fnMap":{"0":{"name":"GuestGuard","decl":{"start":{"line":20,"column":0},"end":{"line":25,"column":1}},"loc":{"start":{"line":20,"column":0},"end":{"line":25,"column":1}},"line":20},"1":{"name":"AppNavigateListener","decl":{"start":{"line":27,"column":0},"end":{"line":44,"column":1}},"loc":{"start":{"line":27,"column":0},"end":{"line":44,"column":1}},"line":27},"2":{"name":"handler","decl":{"start":{"line":32,"column":20},"end":{"line":38,"column":6}},"loc":{"start":{"line":32,"column":20},"end":{"line":38,"column":6}},"line":32},"3":{"name":"LogoutHandler","decl":{"start":{"line":46,"column":0},"end":{"line":55,"column":1}},"loc":{"start":{"line":46,"column":0},"end":{"line":55,"column":1}},"line":46},"4":{"name":"App","decl":{"start":{"line":57,"column":0},"end":{"line":90,"column":1}},"loc":{"start":{"line":57,"column":0},"end":{"line":90,"column":1}},"line":57}},"f":{"0":2,"1":2,"2":0,"3":0,"4":2}}
,"D:\\Faza\\Program\\ParentShield\\resources\\js\\app\\components\\features\\AppLayout.tsx": {"path":"D:\\Faza\\Program\\ParentShield\\resources\\js\\app\\components\\features\\AppLayout.tsx","all":false,"statementMap":{"0":{"start":{"line":1,"column":0},"end":{"line":1,"column":33}},"4":{"start":{"line":5,"column":0},"end":{"line":5,"column":37}},"5":{"start":{"line":6,"column":0},"end":{"line":6,"column":54}},"7":{"start":{"line":8,"column":0},"end":{"line":8,"column":10}},"8":{"start":{"line":9,"column":0},"end":{"line":9,"column":6}},"9":{"start":{"line":10,"column":0},"end":{"line":10,"column":81}},"11":{"start":{"line":12,"column":0},"end":{"line":12,"column":61}},"12":{"start":{"line":13,"column":0},"end":{"line":13,"column":129}},"13":{"start":{"line":14,"column":0},"end":{"line":14,"column":17}},"14":{"start":{"line":15,"column":0},"end":{"line":15,"column":47}},"15":{"start":{"line":16,"column":0},"end":{"line":16,"column":106}},"16":{"start":{"line":17,"column":0},"end":{"line":17,"column":34}},"18":{"start":{"line":19,"column":0},"end":{"line":19,"column":102}},"19":{"start":{"line":20,"column":0},"end":{"line":20,"column":112}},"20":{"start":{"line":21,"column":0},"end":{"line":21,"column":18}},"21":{"start":{"line":22,"column":0},"end":{"line":22,"column":19}},"22":{"start":{"line":23,"column":0},"end":{"line":23,"column":79}},"23":{"start":{"line":24,"column":0},"end":{"line":24,"column":14}},"24":{"start":{"line":25,"column":0},"end":{"line":25,"column":86}},"25":{"start":{"line":26,"column":0},"end":{"line":26,"column":20}},"26":{"start":{"line":27,"column":0},"end":{"line":27,"column":14}},"27":{"start":{"line":28,"column":0},"end":{"line":28,"column":12}},"28":{"start":{"line":29,"column":0},"end":{"line":29,"column":7}},"30":{"start":{"line":31,"column":0},"end":{"line":31,"column":1}}},"s":{"0":1,"4":2,"5":2,"7":2,"8":2,"9":2,"11":2,"12":2,"13":2,"14":2,"15":2,"16":2,"18":2,"19":2,"20":2,"21":2,"22":2,"23":2,"24":2,"25":2,"26":2,"27":2,"28":2,"30":2},"branchMap":{"0":{"type":"branch","line":5,"loc":{"start":{"line":5,"column":0},"end":{"line":31,"column":1}},"locations":[{"start":{"line":5,"column":0},"end":{"line":31,"column":1}}]}},"b":{"0":[2]},"fnMap":{"0":{"name":"AppLayout","decl":{"start":{"line":5,"column":0},"end":{"line":31,"column":1}},"loc":{"start":{"line":5,"column":0},"end":{"line":31,"column":1}},"line":5},"1":{"name":"onClose","decl":{"start":{"line":10,"column":51},"end":{"line":10,"column":79}},"loc":{"start":{"line":10,"column":51},"end":{"line":10,"column":79}},"line":10},"2":{"name":"onClick","decl":{"start":{"line":15,"column":21},"end":{"line":15,"column":47}},"loc":{"start":{"line":15,"column":21},"end":{"line":15,"column":47}},"line":15}},"f":{"0":2,"1":0,"2":0}}
,"D:\\Faza\\Program\\ParentShield\\resources\\js\\app\\components\\features\\SideNavBar.tsx": {"path":"D:\\Faza\\Program\\ParentShield\\resources\\js\\app\\components\\features\\SideNavBar.tsx","all":false,"statementMap":{"0":{"start":{"line":1,"column":0},"end":{"line":1,"column":53}},"9":{"start":{"line":10,"column":0},"end":{"line":10,"column":18}},"10":{"start":{"line":11,"column":0},"end":{"line":11,"column":66}},"11":{"start":{"line":12,"column":0},"end":{"line":12,"column":73}},"12":{"start":{"line":13,"column":0},"end":{"line":13,"column":73}},"13":{"start":{"line":14,"column":0},"end":{"line":14,"column":88}},"14":{"start":{"line":15,"column":0},"end":{"line":15,"column":71}},"15":{"start":{"line":16,"column":0},"end":{"line":16,"column":11}},"17":{"start":{"line":18,"column":0},"end":{"line":18,"column":78}},"18":{"start":{"line":19,"column":0},"end":{"line":19,"column":37}},"19":{"start":{"line":20,"column":0},"end":{"line":20,"column":33}},"21":{"start":{"line":22,"column":0},"end":{"line":22,"column":26}},"22":{"start":{"line":23,"column":0},"end":{"line":23,"column":6}},"23":{"start":{"line":24,"column":0},"end":{"line":24,"column":49}},"24":{"start":{"line":25,"column":0},"end":{"line":25,"column":59}},"25":{"start":{"line":26,"column":0},"end":{"line":26,"column":51}},"26":{"start":{"line":27,"column":0},"end":{"line":27,"column":56}},"27":{"start":{"line":28,"column":0},"end":{"line":28,"column":88}},"29":{"start":{"line":30,"column":0},"end":{"line":30,"column":19}},"30":{"start":{"line":31,"column":0},"end":{"line":31,"column":16}},"31":{"start":{"line":32,"column":0},"end":{"line":32,"column":117}},"32":{"start":{"line":33,"column":0},"end":{"line":33,"column":25}},"33":{"start":{"line":34,"column":0},"end":{"line":34,"column":19}},"34":{"start":{"line":35,"column":0},"end":{"line":35,"column":14}},"35":{"start":{"line":36,"column":0},"end":{"line":36,"column":66}},"37":{"start":{"line":38,"column":0},"end":{"line":38,"column":12}},"38":{"start":{"line":39,"column":0},"end":{"line":39,"column":12}},"40":{"start":{"line":41,"column":0},"end":{"line":41,"column":63}},"41":{"start":{"line":42,"column":0},"end":{"line":42,"column":33}},"42":{"start":{"line":43,"column":0},"end":{"line":43,"column":59}},"43":{"start":{"line":44,"column":0},"end":{"line":44,"column":33}},"44":{"start":{"line":45,"column":0},"end":{"line":45,"column":18}},"45":{"start":{"line":46,"column":0},"end":{"line":46,"column":17}},"46":{"start":{"line":47,"column":0},"end":{"line":47,"column":30}},"47":{"start":{"line":48,"column":0},"end":{"line":48,"column":29}},"48":{"start":{"line":49,"column":0},"end":{"line":49,"column":31}},"49":{"start":{"line":50,"column":0},"end":{"line":50,"column":109}},"50":{"start":{"line":51,"column":0},"end":{"line":51,"column":24}},"51":{"start":{"line":52,"column":0},"end":{"line":52,"column":51}},"52":{"start":{"line":53,"column":0},"end":{"line":53,"column":60}},"53":{"start":{"line":54,"column":0},"end":{"line":54,"column":17}},"55":{"start":{"line":56,"column":0},"end":{"line":56,"column":19}},"56":{"start":{"line":57,"column":0},"end":{"line":57,"column":77}},"57":{"start":{"line":58,"column":0},"end":{"line":58,"column":16}},"58":{"start":{"line":59,"column":0},"end":{"line":59,"column":88}},"59":{"start":{"line":60,"column":0},"end":{"line":60,"column":28}},"60":{"start":{"line":61,"column":0},"end":{"line":61,"column":21}},"61":{"start":{"line":62,"column":0},"end":{"line":62,"column":19}},"63":{"start":{"line":64,"column":0},"end":{"line":64,"column":11}},"64":{"start":{"line":65,"column":0},"end":{"line":65,"column":12}},"66":{"start":{"line":67,"column":0},"end":{"line":67,"column":41}},"67":{"start":{"line":68,"column":0},"end":{"line":68,"column":15}},"68":{"start":{"line":69,"column":0},"end":{"line":69,"column":126}},"69":{"start":{"line":70,"column":0},"end":{"line":70,"column":148}},"71":{"start":{"line":72,"column":0},"end":{"line":72,"column":24}},"72":{"start":{"line":73,"column":0},"end":{"line":73,"column":84}},"74":{"start":{"line":75,"column":0},"end":{"line":75,"column":17}},"75":{"start":{"line":76,"column":0},"end":{"line":76,"column":17}},"76":{"start":{"line":77,"column":0},"end":{"line":77,"column":12}},"77":{"start":{"line":78,"column":0},"end":{"line":78,"column":7}},"80":{"start":{"line":81,"column":0},"end":{"line":81,"column":10}},"81":{"start":{"line":82,"column":0},"end":{"line":82,"column":6}},"83":{"start":{"line":84,"column":0},"end":{"line":84,"column":22}},"84":{"start":{"line":85,"column":0},"end":{"line":85,"column":86}},"88":{"start":{"line":89,"column":0},"end":{"line":89,"column":176}},"89":{"start":{"line":90,"column":0},"end":{"line":90,"column":24}},"90":{"start":{"line":91,"column":0},"end":{"line":91,"column":14}},"93":{"start":{"line":94,"column":0},"end":{"line":94,"column":188}},"94":{"start":{"line":95,"column":0},"end":{"line":95,"column":24}},"95":{"start":{"line":96,"column":0},"end":{"line":96,"column":14}},"96":{"start":{"line":97,"column":0},"end":{"line":97,"column":7}},"98":{"start":{"line":99,"column":0},"end":{"line":99,"column":1}}},"s":{"0":1,"9":1,"10":1,"11":1,"12":1,"13":1,"14":1,"15":1,"17":7,"18":7,"19":7,"21":7,"22":7,"23":7,"24":7,"25":7,"26":7,"27":7,"29":7,"30":7,"31":7,"32":7,"33":7,"34":7,"35":7,"37":7,"38":7,"40":7,"41":7,"42":35,"43":35,"44":35,"45":35,"46":35,"47":35,"48":35,"49":35,"50":35,"51":1,"52":34,"53":35,"55":35,"56":35,"57":35,"58":35,"59":35,"60":35,"61":35,"63":7,"64":7,"66":7,"67":7,"68":7,"69":7,"71":7,"72":7,"74":7,"75":7,"76":7,"77":7,"80":7,"81":7,"83":7,"84":2,"88":7,"89":7,"90":7,"93":7,"94":7,"95":7,"96":7,"98":7},"branchMap":{"0":{"type":"branch","line":18,"loc":{"start":{"line":18,"column":0},"end":{"line":99,"column":1}},"locations":[{"start":{"line":18,"column":0},"end":{"line":99,"column":1}}]},"1":{"type":"branch","line":84,"loc":{"start":{"line":84,"column":7},"end":{"line":85,"column":86}},"locations":[{"start":{"line":84,"column":7},"end":{"line":85,"column":86}}]},"2":{"type":"branch","line":94,"loc":{"start":{"line":94,"column":134},"end":{"line":94,"column":165}},"locations":[{"start":{"line":94,"column":134},"end":{"line":94,"column":165}}]},"3":{"type":"branch","line":94,"loc":{"start":{"line":94,"column":147},"end":{"line":94,"column":184}},"locations":[{"start":{"line":94,"column":147},"end":{"line":94,"column":184}}]},"4":{"type":"branch","line":42,"loc":{"start":{"line":42,"column":22},"end":{"line":64,"column":9}},"locations":[{"start":{"line":42,"column":22},"end":{"line":64,"column":9}}]},"5":{"type":"branch","line":51,"loc":{"start":{"line":51,"column":16},"end":{"line":52,"column":51}},"locations":[{"start":{"line":51,"column":16},"end":{"line":52,"column":51}}]},"6":{"type":"branch","line":52,"loc":{"start":{"line":52,"column":20},"end":{"line":53,"column":60}},"locations":[{"start":{"line":52,"column":20},"end":{"line":53,"column":60}}]},"7":{"type":"branch","line":57,"loc":{"start":{"line":57,"column":27},"end":{"line":57,"column":55}},"locations":[{"start":{"line":57,"column":27},"end":{"line":57,"column":55}}]},"8":{"type":"branch","line":57,"loc":{"start":{"line":57,"column":38},"end":{"line":57,"column":77}},"locations":[{"start":{"line":57,"column":38},"end":{"line":57,"column":77}}]},"9":{"type":"branch","line":69,"loc":{"start":{"line":69,"column":19},"end":{"line":69,"column":126}},"locations":[{"start":{"line":69,"column":19},"end":{"line":69,"column":126}}]}},"b":{"0":[7],"1":[2],"2":[2],"3":[5],"4":[35],"5":[1],"6":[34],"7":[1],"8":[34],"9":[1]},"fnMap":{"0":{"name":"SideNavBar","decl":{"start":{"line":18,"column":0},"end":{"line":99,"column":1}},"loc":{"start":{"line":18,"column":0},"end":{"line":99,"column":1}},"line":18},"1":{"name":"onClick","decl":{"start":{"line":69,"column":19},"end":{"line":69,"column":126}},"loc":{"start":{"line":69,"column":19},"end":{"line":69,"column":126}},"line":69}},"f":{"0":7,"1":1}}
,"D:\\Faza\\Program\\ParentShield\\resources\\js\\app\\components\\features\\activity\\ActivityFilters.tsx": {"path":"D:\\Faza\\Program\\ParentShield\\resources\\js\\app\\components\\features\\activity\\ActivityFilters.tsx","all":false,"statementMap":{"0":{"start":{"line":1,"column":0},"end":{"line":1,"column":65}},"17":{"start":{"line":18,"column":0},"end":{"line":18,"column":88}},"18":{"start":{"line":19,"column":0},"end":{"line":19,"column":51}},"19":{"start":{"line":20,"column":0},"end":{"line":20,"column":51}},"20":{"start":{"line":21,"column":0},"end":{"line":21,"column":25}},"21":{"start":{"line":22,"column":0},"end":{"line":22,"column":28}},"22":{"start":{"line":23,"column":0},"end":{"line":23,"column":2}},"24":{"start":{"line":25,"column":0},"end":{"line":25,"column":76}},"25":{"start":{"line":26,"column":0},"end":{"line":26,"column":32}},"26":{"start":{"line":27,"column":0},"end":{"line":27,"column":34}},"27":{"start":{"line":28,"column":0},"end":{"line":28,"column":34}},"28":{"start":{"line":29,"column":0},"end":{"line":29,"column":33}},"29":{"start":{"line":30,"column":0},"end":{"line":30,"column":37}},"30":{"start":{"line":31,"column":0},"end":{"line":31,"column":2}},"32":{"start":{"line":33,"column":0},"end":{"line":33,"column":62}},"33":{"start":{"line":34,"column":0},"end":{"line":34,"column":67}},"34":{"start":{"line":35,"column":0},"end":{"line":35,"column":158}},"35":{"start":{"line":36,"column":0},"end":{"line":36,"column":57}},"36":{"start":{"line":37,"column":0},"end":{"line":37,"column":1}},"38":{"start":{"line":39,"column":0},"end":{"line":39,"column":156}},"39":{"start":{"line":40,"column":0},"end":{"line":40,"column":70}},"40":{"start":{"line":41,"column":0},"end":{"line":41,"column":54}},"41":{"start":{"line":42,"column":0},"end":{"line":42,"column":65}},"42":{"start":{"line":43,"column":0},"end":{"line":43,"column":51}},"43":{"start":{"line":44,"column":0},"end":{"line":44,"column":37}},"44":{"start":{"line":45,"column":0},"end":{"line":45,"column":31}},"46":{"start":{"line":47,"column":0},"end":{"line":47,"column":19}},"47":{"start":{"line":48,"column":0},"end":{"line":48,"column":35}},"48":{"start":{"line":49,"column":0},"end":{"line":49,"column":23}},"50":{"start":{"line":51,"column":0},"end":{"line":51,"column":19}},"51":{"start":{"line":52,"column":0},"end":{"line":52,"column":36}},"52":{"start":{"line":53,"column":0},"end":{"line":53,"column":54}},"53":{"start":{"line":54,"column":0},"end":{"line":54,"column":72}},"54":{"start":{"line":55,"column":0},"end":{"line":55,"column":7}},"55":{"start":{"line":56,"column":0},"end":{"line":56,"column":12}},"56":{"start":{"line":57,"column":0},"end":{"line":57,"column":37}},"57":{"start":{"line":58,"column":0},"end":{"line":58,"column":20}},"59":{"start":{"line":60,"column":0},"end":{"line":60,"column":86}},"60":{"start":{"line":61,"column":0},"end":{"line":61,"column":35}},"61":{"start":{"line":62,"column":0},"end":{"line":62,"column":9}},"63":{"start":{"line":64,"column":0},"end":{"line":64,"column":81}},"64":{"start":{"line":65,"column":0},"end":{"line":65,"column":30}},"65":{"start":{"line":66,"column":0},"end":{"line":66,"column":26}},"66":{"start":{"line":67,"column":0},"end":{"line":67,"column":76}},"67":{"start":{"line":68,"column":0},"end":{"line":68,"column":12}},"68":{"start":{"line":69,"column":0},"end":{"line":69,"column":27}},"69":{"start":{"line":70,"column":0},"end":{"line":70,"column":76}},"70":{"start":{"line":71,"column":0},"end":{"line":71,"column":5}},"71":{"start":{"line":72,"column":0},"end":{"line":72,"column":33}},"73":{"start":{"line":74,"column":0},"end":{"line":74,"column":79}},"74":{"start":{"line":75,"column":0},"end":{"line":75,"column":72}},"75":{"start":{"line":76,"column":0},"end":{"line":76,"column":33}},"77":{"start":{"line":78,"column":0},"end":{"line":78,"column":68}},"78":{"start":{"line":79,"column":0},"end":{"line":79,"column":27}},"79":{"start":{"line":80,"column":0},"end":{"line":80,"column":52}},"80":{"start":{"line":81,"column":0},"end":{"line":81,"column":12}},"81":{"start":{"line":82,"column":0},"end":{"line":82,"column":73}},"82":{"start":{"line":83,"column":0},"end":{"line":83,"column":5}},"83":{"start":{"line":84,"column":0},"end":{"line":84,"column":33}},"85":{"start":{"line":86,"column":0},"end":{"line":86,"column":68}},"86":{"start":{"line":87,"column":0},"end":{"line":87,"column":11}},"87":{"start":{"line":88,"column":0},"end":{"line":88,"column":56}},"88":{"start":{"line":89,"column":0},"end":{"line":89,"column":17}},"89":{"start":{"line":90,"column":0},"end":{"line":90,"column":58}},"90":{"start":{"line":91,"column":0},"end":{"line":91,"column":19}},"91":{"start":{"line":92,"column":0},"end":{"line":92,"column":70}},"92":{"start":{"line":93,"column":0},"end":{"line":93,"column":18}},"93":{"start":{"line":94,"column":0},"end":{"line":94,"column":79}},"94":{"start":{"line":95,"column":0},"end":{"line":95,"column":24}},"95":{"start":{"line":96,"column":0},"end":{"line":96,"column":20}},"97":{"start":{"line":98,"column":0},"end":{"line":98,"column":58}},"98":{"start":{"line":99,"column":0},"end":{"line":99,"column":36}},"99":{"start":{"line":100,"column":0},"end":{"line":100,"column":43}},"100":{"start":{"line":101,"column":0},"end":{"line":101,"column":47}},"101":{"start":{"line":102,"column":0},"end":{"line":102,"column":31}},"102":{"start":{"line":103,"column":0},"end":{"line":103,"column":51}},"103":{"start":{"line":104,"column":0},"end":{"line":104,"column":33}},"105":{"start":{"line":106,"column":0},"end":{"line":106,"column":46}},"106":{"start":{"line":107,"column":0},"end":{"line":107,"column":60}},"107":{"start":{"line":108,"column":0},"end":{"line":108,"column":51}},"108":{"start":{"line":109,"column":0},"end":{"line":109,"column":12}},"109":{"start":{"line":110,"column":0},"end":{"line":110,"column":81}},"110":{"start":{"line":111,"column":0},"end":{"line":111,"column":5}},"111":{"start":{"line":112,"column":0},"end":{"line":112,"column":42}},"113":{"start":{"line":114,"column":0},"end":{"line":114,"column":19}},"114":{"start":{"line":115,"column":0},"end":{"line":115,"column":48}},"115":{"start":{"line":116,"column":0},"end":{"line":116,"column":83}},"116":{"start":{"line":117,"column":0},"end":{"line":117,"column":37}},"117":{"start":{"line":118,"column":0},"end":{"line":118,"column":7}},"118":{"start":{"line":119,"column":0},"end":{"line":119,"column":5}},"119":{"start":{"line":120,"column":0},"end":{"line":120,"column":63}},"120":{"start":{"line":121,"column":0},"end":{"line":121,"column":79}},"121":{"start":{"line":122,"column":0},"end":{"line":122,"column":9}},"123":{"start":{"line":124,"column":0},"end":{"line":124,"column":36}},"124":{"start":{"line":125,"column":0},"end":{"line":125,"column":17}},"125":{"start":{"line":126,"column":0},"end":{"line":126,"column":34}},"126":{"start":{"line":127,"column":0},"end":{"line":127,"column":25}},"127":{"start":{"line":128,"column":0},"end":{"line":128,"column":46}},"129":{"start":{"line":130,"column":0},"end":{"line":130,"column":10}},"130":{"start":{"line":131,"column":0},"end":{"line":131,"column":101}},"131":{"start":{"line":132,"column":0},"end":{"line":132,"column":43}},"132":{"start":{"line":133,"column":0},"end":{"line":133,"column":34}},"133":{"start":{"line":134,"column":0},"end":{"line":134,"column":14}},"134":{"start":{"line":135,"column":0},"end":{"line":135,"column":107}},"135":{"start":{"line":136,"column":0},"end":{"line":136,"column":31}},"136":{"start":{"line":137,"column":0},"end":{"line":137,"column":23}},"137":{"start":{"line":138,"column":0},"end":{"line":138,"column":33}},"138":{"start":{"line":139,"column":0},"end":{"line":139,"column":27}},"139":{"start":{"line":140,"column":0},"end":{"line":140,"column":33}},"140":{"start":{"line":141,"column":0},"end":{"line":141,"column":34}},"142":{"start":{"line":143,"column":0},"end":{"line":143,"column":44}},"143":{"start":{"line":144,"column":0},"end":{"line":144,"column":42}},"144":{"start":{"line":145,"column":0},"end":{"line":145,"column":16}},"145":{"start":{"line":146,"column":0},"end":{"line":146,"column":16}},"146":{"start":{"line":147,"column":0},"end":{"line":147,"column":23}},"147":{"start":{"line":148,"column":0},"end":{"line":148,"column":40}},"148":{"start":{"line":149,"column":0},"end":{"line":149,"column":31}},"149":{"start":{"line":150,"column":0},"end":{"line":150,"column":41}},"150":{"start":{"line":151,"column":0},"end":{"line":151,"column":196}},"151":{"start":{"line":152,"column":0},"end":{"line":152,"column":12}},"152":{"start":{"line":153,"column":0},"end":{"line":153,"column":14}},"154":{"start":{"line":155,"column":0},"end":{"line":155,"column":59}},"155":{"start":{"line":156,"column":0},"end":{"line":156,"column":83}},"156":{"start":{"line":157,"column":0},"end":{"line":157,"column":39}},"157":{"start":{"line":158,"column":0},"end":{"line":158,"column":19}},"158":{"start":{"line":159,"column":0},"end":{"line":159,"column":27}},"159":{"start":{"line":160,"column":0},"end":{"line":160,"column":57}},"160":{"start":{"line":161,"column":0},"end":{"line":161,"column":89}},"161":{"start":{"line":162,"column":0},"end":{"line":162,"column":42}},"162":{"start":{"line":163,"column":0},"end":{"line":163,"column":43}},"163":{"start":{"line":164,"column":0},"end":{"line":164,"column":70}},"164":{"start":{"line":165,"column":0},"end":{"line":165,"column":17}},"166":{"start":{"line":167,"column":0},"end":{"line":167,"column":25}},"167":{"start":{"line":168,"column":0},"end":{"line":168,"column":21}},"168":{"start":{"line":169,"column":0},"end":{"line":169,"column":13}},"169":{"start":{"line":170,"column":0},"end":{"line":170,"column":14}},"171":{"start":{"line":172,"column":0},"end":{"line":172,"column":41}},"172":{"start":{"line":173,"column":0},"end":{"line":173,"column":36}},"173":{"start":{"line":174,"column":0},"end":{"line":174,"column":19}},"174":{"start":{"line":175,"column":0},"end":{"line":175,"column":54}},"175":{"start":{"line":176,"column":0},"end":{"line":176,"column":177}},"177":{"start":{"line":178,"column":0},"end":{"line":178,"column":171}},"178":{"start":{"line":179,"column":0},"end":{"line":179,"column":73}},"179":{"start":{"line":180,"column":0},"end":{"line":180,"column":54}},"180":{"start":{"line":181,"column":0},"end":{"line":181,"column":52}},"181":{"start":{"line":182,"column":0},"end":{"line":182,"column":55}},"182":{"start":{"line":183,"column":0},"end":{"line":183,"column":20}},"183":{"start":{"line":184,"column":0},"end":{"line":184,"column":85}},"184":{"start":{"line":185,"column":0},"end":{"line":185,"column":210}},"185":{"start":{"line":186,"column":0},"end":{"line":186,"column":52}},"186":{"start":{"line":187,"column":0},"end":{"line":187,"column":20}},"187":{"start":{"line":188,"column":0},"end":{"line":188,"column":21}},"188":{"start":{"line":189,"column":0},"end":{"line":189,"column":28}},"189":{"start":{"line":190,"column":0},"end":{"line":190,"column":16}},"190":{"start":{"line":191,"column":0},"end":{"line":191,"column":91}},"191":{"start":{"line":192,"column":0},"end":{"line":192,"column":91}},"192":{"start":{"line":193,"column":0},"end":{"line":193,"column":32}},"193":{"start":{"line":194,"column":0},"end":{"line":194,"column":45}},"194":{"start":{"line":195,"column":0},"end":{"line":195,"column":54}},"195":{"start":{"line":196,"column":0},"end":{"line":196,"column":56}},"196":{"start":{"line":197,"column":0},"end":{"line":197,"column":52}},"197":{"start":{"line":198,"column":0},"end":{"line":198,"column":18}},"198":{"start":{"line":199,"column":0},"end":{"line":199,"column":22}},"199":{"start":{"line":200,"column":0},"end":{"line":200,"column":17}},"201":{"start":{"line":202,"column":0},"end":{"line":202,"column":16}},"204":{"start":{"line":205,"column":0},"end":{"line":205,"column":92}},"205":{"start":{"line":206,"column":0},"end":{"line":206,"column":54}},"206":{"start":{"line":207,"column":0},"end":{"line":207,"column":19}},"207":{"start":{"line":208,"column":0},"end":{"line":208,"column":68}},"208":{"start":{"line":209,"column":0},"end":{"line":209,"column":189}},"210":{"start":{"line":211,"column":0},"end":{"line":211,"column":171}},"211":{"start":{"line":212,"column":0},"end":{"line":212,"column":73}},"212":{"start":{"line":213,"column":0},"end":{"line":213,"column":35}},"213":{"start":{"line":214,"column":0},"end":{"line":214,"column":36}},"214":{"start":{"line":215,"column":0},"end":{"line":215,"column":35}},"215":{"start":{"line":216,"column":0},"end":{"line":216,"column":36}},"216":{"start":{"line":217,"column":0},"end":{"line":217,"column":36}},"217":{"start":{"line":218,"column":0},"end":{"line":218,"column":20}},"218":{"start":{"line":219,"column":0},"end":{"line":219,"column":27}},"219":{"start":{"line":220,"column":0},"end":{"line":220,"column":218}},"220":{"start":{"line":221,"column":0},"end":{"line":221,"column":52}},"221":{"start":{"line":222,"column":0},"end":{"line":222,"column":20}},"222":{"start":{"line":223,"column":0},"end":{"line":223,"column":21}},"224":{"start":{"line":225,"column":0},"end":{"line":225,"column":36}},"225":{"start":{"line":226,"column":0},"end":{"line":226,"column":131}},"226":{"start":{"line":227,"column":0},"end":{"line":227,"column":35}},"227":{"start":{"line":228,"column":0},"end":{"line":228,"column":92}},"228":{"start":{"line":229,"column":0},"end":{"line":229,"column":36}},"229":{"start":{"line":230,"column":0},"end":{"line":230,"column":93}},"231":{"start":{"line":232,"column":0},"end":{"line":232,"column":20}},"232":{"start":{"line":233,"column":0},"end":{"line":233,"column":158}},"233":{"start":{"line":234,"column":0},"end":{"line":234,"column":28}},"234":{"start":{"line":235,"column":0},"end":{"line":235,"column":39}},"235":{"start":{"line":236,"column":0},"end":{"line":236,"column":83}},"236":{"start":{"line":237,"column":0},"end":{"line":237,"column":51}},"237":{"start":{"line":238,"column":0},"end":{"line":238,"column":101}},"238":{"start":{"line":239,"column":0},"end":{"line":239,"column":24}},"240":{"start":{"line":241,"column":0},"end":{"line":241,"column":28}},"241":{"start":{"line":242,"column":0},"end":{"line":242,"column":70}},"242":{"start":{"line":243,"column":0},"end":{"line":243,"column":54}},"243":{"start":{"line":244,"column":0},"end":{"line":244,"column":28}},"244":{"start":{"line":245,"column":0},"end":{"line":245,"column":39}},"245":{"start":{"line":246,"column":0},"end":{"line":246,"column":144}},"247":{"start":{"line":248,"column":0},"end":{"line":248,"column":30}},"248":{"start":{"line":249,"column":0},"end":{"line":249,"column":41}},"249":{"start":{"line":250,"column":0},"end":{"line":250,"column":71}},"250":{"start":{"line":251,"column":0},"end":{"line":251,"column":66}},"251":{"start":{"line":252,"column":0},"end":{"line":252,"column":103}},"252":{"start":{"line":253,"column":0},"end":{"line":253,"column":26}},"253":{"start":{"line":254,"column":0},"end":{"line":254,"column":37}},"254":{"start":{"line":255,"column":0},"end":{"line":255,"column":30}},"255":{"start":{"line":256,"column":0},"end":{"line":256,"column":23}},"256":{"start":{"line":257,"column":0},"end":{"line":257,"column":21}},"258":{"start":{"line":259,"column":0},"end":{"line":259,"column":20}},"260":{"start":{"line":261,"column":0},"end":{"line":261,"column":16}},"262":{"start":{"line":263,"column":0},"end":{"line":263,"column":51}},"263":{"start":{"line":264,"column":0},"end":{"line":264,"column":97}},"264":{"start":{"line":265,"column":0},"end":{"line":265,"column":60}},"265":{"start":{"line":266,"column":0},"end":{"line":266,"column":29}},"266":{"start":{"line":267,"column":0},"end":{"line":267,"column":37}},"267":{"start":{"line":268,"column":0},"end":{"line":268,"column":36}},"268":{"start":{"line":269,"column":0},"end":{"line":269,"column":41}},"269":{"start":{"line":270,"column":0},"end":{"line":270,"column":40}},"270":{"start":{"line":271,"column":0},"end":{"line":271,"column":16}},"271":{"start":{"line":272,"column":0},"end":{"line":272,"column":22}},"272":{"start":{"line":273,"column":0},"end":{"line":273,"column":23}},"273":{"start":{"line":274,"column":0},"end":{"line":274,"column":27}},"274":{"start":{"line":275,"column":0},"end":{"line":275,"column":57}},"275":{"start":{"line":276,"column":0},"end":{"line":276,"column":93}},"276":{"start":{"line":277,"column":0},"end":{"line":277,"column":42}},"277":{"start":{"line":278,"column":0},"end":{"line":278,"column":47}},"278":{"start":{"line":279,"column":0},"end":{"line":279,"column":74}},"279":{"start":{"line":280,"column":0},"end":{"line":280,"column":21}},"281":{"start":{"line":282,"column":0},"end":{"line":282,"column":31}},"282":{"start":{"line":283,"column":0},"end":{"line":283,"column":25}},"284":{"start":{"line":285,"column":0},"end":{"line":285,"column":15}},"285":{"start":{"line":286,"column":0},"end":{"line":286,"column":16}},"286":{"start":{"line":287,"column":0},"end":{"line":287,"column":14}},"287":{"start":{"line":288,"column":0},"end":{"line":288,"column":12}},"288":{"start":{"line":289,"column":0},"end":{"line":289,"column":10}},"290":{"start":{"line":291,"column":0},"end":{"line":291,"column":1}}},"s":{"0":1,"17":1,"18":1,"19":1,"20":1,"21":1,"22":1,"24":1,"25":1,"26":1,"27":1,"28":1,"29":1,"30":1,"32":0,"33":0,"34":0,"35":0,"36":0,"38":8,"39":8,"40":8,"41":8,"42":8,"43":8,"44":8,"46":8,"47":8,"48":8,"50":8,"51":8,"52":0,"53":0,"54":0,"55":8,"56":8,"57":8,"59":8,"60":0,"61":8,"63":8,"64":0,"65":0,"66":0,"67":0,"68":0,"69":0,"70":0,"71":8,"73":8,"74":0,"75":8,"77":8,"78":0,"79":0,"80":0,"81":0,"82":0,"83":8,"85":8,"86":8,"87":0,"88":0,"89":0,"90":0,"91":0,"92":0,"93":0,"94":0,"95":0,"97":8,"98":0,"99":0,"100":0,"101":0,"102":0,"103":8,"105":8,"106":0,"107":0,"108":0,"109":0,"110":0,"111":8,"113":8,"114":8,"115":0,"116":0,"117":0,"118":0,"119":8,"120":8,"121":8,"123":8,"124":8,"125":0,"126":0,"127":0,"129":8,"130":8,"131":8,"132":8,"133":8,"134":8,"135":8,"136":8,"137":8,"138":8,"139":8,"140":8,"142":8,"143":8,"144":8,"145":8,"146":8,"147":8,"148":8,"149":8,"150":8,"151":8,"152":8,"154":8,"155":8,"156":8,"157":40,"158":40,"159":40,"160":40,"161":40,"162":8,"163":32,"164":40,"166":40,"167":40,"168":8,"169":8,"171":8,"172":0,"173":0,"174":0,"175":0,"177":0,"178":0,"179":0,"180":0,"181":0,"182":0,"183":0,"184":0,"185":0,"186":0,"187":0,"188":0,"189":0,"190":0,"191":0,"192":0,"193":0,"194":0,"195":0,"196":0,"197":0,"198":0,"199":0,"201":0,"204":8,"205":8,"206":8,"207":8,"208":8,"210":8,"211":8,"212":8,"213":8,"214":8,"215":8,"216":8,"217":8,"218":8,"219":8,"220":8,"221":8,"222":8,"224":8,"225":0,"226":0,"227":0,"228":0,"229":0,"231":0,"232":0,"233":0,"234":0,"235":0,"236":0,"237":0,"238":0,"240":0,"241":0,"242":0,"243":0,"244":0,"245":0,"247":0,"248":0,"249":0,"250":0,"251":0,"252":0,"253":0,"254":0,"255":0,"256":0,"258":0,"260":8,"262":8,"263":8,"264":40,"265":40,"266":40,"267":40,"268":40,"269":40,"270":40,"271":40,"272":40,"273":40,"274":40,"275":40,"276":40,"277":8,"278":32,"279":40,"281":40,"282":40,"284":8,"285":8,"286":8,"287":8,"288":8,"290":8},"branchMap":{"0":{"type":"branch","line":39,"loc":{"start":{"line":39,"column":0},"end":{"line":291,"column":1}},"locations":[{"start":{"line":39,"column":0},"end":{"line":291,"column":1}}]},"1":{"type":"branch","line":87,"loc":{"start":{"line":87,"column":6},"end":{"line":96,"column":20}},"locations":[{"start":{"line":87,"column":6},"end":{"line":96,"column":20}}]},"2":{"type":"branch","line":125,"loc":{"start":{"line":125,"column":6},"end":{"line":128,"column":46}},"locations":[{"start":{"line":125,"column":6},"end":{"line":128,"column":46}}]},"3":{"type":"branch","line":172,"loc":{"start":{"line":172,"column":28},"end":{"line":202,"column":16}},"locations":[{"start":{"line":172,"column":28},"end":{"line":202,"column":16}}]},"4":{"type":"branch","line":220,"loc":{"start":{"line":220,"column":61},"end":{"line":220,"column":97}},"locations":[{"start":{"line":220,"column":61},"end":{"line":220,"column":97}}]},"5":{"type":"branch","line":225,"loc":{"start":{"line":225,"column":13},"end":{"line":259,"column":20}},"locations":[{"start":{"line":225,"column":13},"end":{"line":259,"column":20}}]},"6":{"type":"branch","line":47,"loc":{"start":{"line":47,"column":12},"end":{"line":49,"column":5}},"locations":[{"start":{"line":47,"column":12},"end":{"line":49,"column":5}}]},"7":{"type":"branch","line":51,"loc":{"start":{"line":51,"column":12},"end":{"line":58,"column":5}},"locations":[{"start":{"line":51,"column":12},"end":{"line":58,"column":5}}]},"8":{"type":"branch","line":57,"loc":{"start":{"line":57,"column":11},"end":{"line":57,"column":37}},"locations":[{"start":{"line":57,"column":11},"end":{"line":57,"column":37}}]},"9":{"type":"branch","line":114,"loc":{"start":{"line":114,"column":12},"end":{"line":122,"column":5}},"locations":[{"start":{"line":114,"column":12},"end":{"line":122,"column":5}}]},"10":{"type":"branch","line":121,"loc":{"start":{"line":121,"column":11},"end":{"line":121,"column":79}},"locations":[{"start":{"line":121,"column":11},"end":{"line":121,"column":79}}]},"11":{"type":"branch","line":157,"loc":{"start":{"line":157,"column":29},"end":{"line":168,"column":21}},"locations":[{"start":{"line":157,"column":29},"end":{"line":168,"column":21}}]},"12":{"type":"branch","line":162,"loc":{"start":{"line":162,"column":39},"end":{"line":163,"column":43}},"locations":[{"start":{"line":162,"column":39},"end":{"line":163,"column":43}}]},"13":{"type":"branch","line":163,"loc":{"start":{"line":163,"column":20},"end":{"line":164,"column":70}},"locations":[{"start":{"line":163,"column":20},"end":{"line":164,"column":70}}]},"14":{"type":"branch","line":264,"loc":{"start":{"line":264,"column":87},"end":{"line":285,"column":13}},"locations":[{"start":{"line":264,"column":87},"end":{"line":285,"column":13}}]},"15":{"type":"branch","line":277,"loc":{"start":{"line":277,"column":39},"end":{"line":278,"column":47}},"locations":[{"start":{"line":277,"column":39},"end":{"line":278,"column":47}}]},"16":{"type":"branch","line":278,"loc":{"start":{"line":278,"column":24},"end":{"line":279,"column":74}},"locations":[{"start":{"line":278,"column":24},"end":{"line":279,"column":74}}]}},"b":{"0":[8],"1":[0],"2":[0],"3":[0],"4":[0],"5":[0],"6":[8],"7":[8],"8":[8],"9":[8],"10":[8],"11":[40],"12":[8],"13":[32],"14":[40],"15":[8],"16":[32]},"fnMap":{"0":{"name":"formatCustomLabel","decl":{"start":{"line":33,"column":0},"end":{"line":37,"column":1}},"loc":{"start":{"line":33,"column":0},"end":{"line":37,"column":1}},"line":33},"1":{"name":"ActivityFilters","decl":{"start":{"line":39,"column":0},"end":{"line":291,"column":1}},"loc":{"start":{"line":39,"column":0},"end":{"line":291,"column":1}},"line":39},"2":{"name":"handleClickOutside","decl":{"start":{"line":115,"column":4},"end":{"line":119,"column":5}},"loc":{"start":{"line":115,"column":4},"end":{"line":119,"column":5}},"line":115},"3":{"name":"onClick","decl":{"start":{"line":160,"column":23},"end":{"line":160,"column":57}},"loc":{"start":{"line":160,"column":23},"end":{"line":160,"column":57}},"line":160},"4":{"name":"onClick","decl":{"start":{"line":175,"column":23},"end":{"line":175,"column":54}},"loc":{"start":{"line":175,"column":23},"end":{"line":175,"column":54}},"line":175},"5":{"name":"onClick","decl":{"start":{"line":191,"column":61},"end":{"line":191,"column":89}},"loc":{"start":{"line":191,"column":61},"end":{"line":191,"column":89}},"line":191},"6":{"name":"onClose","decl":{"start":{"line":195,"column":27},"end":{"line":195,"column":54}},"loc":{"start":{"line":195,"column":27},"end":{"line":195,"column":54}},"line":195},"7":{"name":"onClick","decl":{"start":{"line":208,"column":23},"end":{"line":208,"column":68}},"loc":{"start":{"line":208,"column":23},"end":{"line":208,"column":68}},"line":208},"8":{"name":"onClick","decl":{"start":{"line":275,"column":27},"end":{"line":275,"column":57}},"loc":{"start":{"line":275,"column":27},"end":{"line":275,"column":57}},"line":275}},"f":{"0":0,"1":8,"2":0,"3":0,"4":0,"5":0,"6":0,"7":0,"8":0}}
,"D:\\Faza\\Program\\ParentShield\\resources\\js\\app\\components\\features\\activity\\ActivityPagination.tsx": {"path":"D:\\Faza\\Program\\ParentShield\\resources\\js\\app\\components\\features\\activity\\ActivityPagination.tsx","all":false,"statementMap":{"0":{"start":{"line":1,"column":0},"end":{"line":1,"column":62}},"13":{"start":{"line":14,"column":0},"end":{"line":14,"column":159}},"14":{"start":{"line":15,"column":0},"end":{"line":15,"column":10}},"15":{"start":{"line":16,"column":0},"end":{"line":16,"column":90}},"16":{"start":{"line":17,"column":0},"end":{"line":17,"column":75}},"17":{"start":{"line":18,"column":0},"end":{"line":18,"column":30}},"18":{"start":{"line":19,"column":0},"end":{"line":19,"column":15}},"19":{"start":{"line":20,"column":0},"end":{"line":20,"column":23}},"20":{"start":{"line":21,"column":0},"end":{"line":21,"column":65}},"21":{"start":{"line":22,"column":0},"end":{"line":22,"column":28}},"22":{"start":{"line":23,"column":0},"end":{"line":23,"column":177}},"24":{"start":{"line":25,"column":0},"end":{"line":25,"column":37}},"25":{"start":{"line":26,"column":0},"end":{"line":26,"column":50}},"26":{"start":{"line":27,"column":0},"end":{"line":27,"column":13}},"27":{"start":{"line":28,"column":0},"end":{"line":28,"column":17}},"28":{"start":{"line":29,"column":0},"end":{"line":29,"column":26}},"29":{"start":{"line":30,"column":0},"end":{"line":30,"column":12}},"31":{"start":{"line":32,"column":0},"end":{"line":32,"column":26}},"32":{"start":{"line":33,"column":0},"end":{"line":33,"column":49}},"33":{"start":{"line":34,"column":0},"end":{"line":34,"column":17}},"34":{"start":{"line":35,"column":0},"end":{"line":35,"column":55}},"35":{"start":{"line":36,"column":0},"end":{"line":36,"column":42}},"36":{"start":{"line":37,"column":0},"end":{"line":37,"column":162}},"37":{"start":{"line":38,"column":0},"end":{"line":38,"column":43}},"39":{"start":{"line":40,"column":0},"end":{"line":40,"column":153}},"40":{"start":{"line":41,"column":0},"end":{"line":41,"column":51}},"41":{"start":{"line":42,"column":0},"end":{"line":42,"column":18}},"43":{"start":{"line":44,"column":0},"end":{"line":44,"column":19}},"45":{"start":{"line":46,"column":0},"end":{"line":46,"column":51}},"46":{"start":{"line":47,"column":0},"end":{"line":47,"column":21}},"47":{"start":{"line":48,"column":0},"end":{"line":48,"column":56}},"48":{"start":{"line":49,"column":0},"end":{"line":49,"column":53}},"49":{"start":{"line":50,"column":0},"end":{"line":50,"column":100}},"50":{"start":{"line":51,"column":0},"end":{"line":51,"column":32}},"51":{"start":{"line":52,"column":0},"end":{"line":52,"column":68}},"52":{"start":{"line":53,"column":0},"end":{"line":53,"column":41}},"53":{"start":{"line":54,"column":0},"end":{"line":54,"column":17}},"54":{"start":{"line":55,"column":0},"end":{"line":55,"column":15}},"55":{"start":{"line":56,"column":0},"end":{"line":56,"column":40}},"56":{"start":{"line":57,"column":0},"end":{"line":57,"column":36}},"57":{"start":{"line":58,"column":0},"end":{"line":58,"column":90}},"59":{"start":{"line":60,"column":0},"end":{"line":60,"column":25}},"60":{"start":{"line":61,"column":0},"end":{"line":61,"column":27}},"61":{"start":{"line":62,"column":0},"end":{"line":62,"column":49}},"62":{"start":{"line":63,"column":0},"end":{"line":63,"column":38}},"63":{"start":{"line":64,"column":0},"end":{"line":64,"column":123}},"64":{"start":{"line":65,"column":0},"end":{"line":65,"column":39}},"65":{"start":{"line":66,"column":0},"end":{"line":66,"column":49}},"66":{"start":{"line":67,"column":0},"end":{"line":67,"column":63}},"67":{"start":{"line":68,"column":0},"end":{"line":68,"column":23}},"68":{"start":{"line":69,"column":0},"end":{"line":69,"column":47}},"69":{"start":{"line":70,"column":0},"end":{"line":70,"column":73}},"71":{"start":{"line":72,"column":0},"end":{"line":72,"column":23}},"72":{"start":{"line":73,"column":0},"end":{"line":73,"column":27}},"74":{"start":{"line":75,"column":0},"end":{"line":75,"column":16}},"75":{"start":{"line":76,"column":0},"end":{"line":76,"column":17}},"76":{"start":{"line":77,"column":0},"end":{"line":77,"column":16}},"78":{"start":{"line":79,"column":0},"end":{"line":79,"column":17}},"79":{"start":{"line":80,"column":0},"end":{"line":80,"column":55}},"80":{"start":{"line":81,"column":0},"end":{"line":81,"column":42}},"81":{"start":{"line":82,"column":0},"end":{"line":82,"column":162}},"82":{"start":{"line":83,"column":0},"end":{"line":83,"column":44}},"83":{"start":{"line":84,"column":0},"end":{"line":84,"column":11}},"85":{"start":{"line":86,"column":0},"end":{"line":86,"column":153}},"86":{"start":{"line":87,"column":0},"end":{"line":87,"column":50}},"87":{"start":{"line":88,"column":0},"end":{"line":88,"column":18}},"88":{"start":{"line":89,"column":0},"end":{"line":89,"column":19}},"89":{"start":{"line":90,"column":0},"end":{"line":90,"column":14}},"91":{"start":{"line":92,"column":0},"end":{"line":92,"column":10}},"93":{"start":{"line":94,"column":0},"end":{"line":94,"column":1}}},"s":{"0":1,"13":4,"14":4,"15":4,"16":4,"17":4,"18":4,"19":4,"20":4,"21":4,"22":4,"24":4,"25":16,"26":4,"27":4,"28":4,"29":4,"31":4,"32":1,"33":1,"34":1,"35":1,"36":1,"37":1,"39":1,"40":1,"41":1,"43":1,"45":1,"46":1,"47":1,"48":1,"49":3,"50":3,"51":3,"52":0,"53":0,"54":3,"55":1,"56":3,"57":0,"59":3,"60":3,"61":3,"62":3,"63":3,"64":3,"65":1,"66":2,"67":3,"68":3,"69":3,"71":3,"72":3,"74":1,"75":1,"76":1,"78":1,"79":1,"80":1,"81":1,"82":1,"83":1,"85":1,"86":1,"87":1,"88":1,"89":1,"91":4,"93":4},"branchMap":{"0":{"type":"branch","line":14,"loc":{"start":{"line":14,"column":0},"end":{"line":94,"column":1}},"locations":[{"start":{"line":14,"column":0},"end":{"line":94,"column":1}}]},"1":{"type":"branch","line":32,"loc":{"start":{"line":32,"column":20},"end":{"line":90,"column":14}},"locations":[{"start":{"line":32,"column":20},"end":{"line":90,"column":14}}]},"2":{"type":"branch","line":36,"loc":{"start":{"line":36,"column":23},"end":{"line":36,"column":42}},"locations":[{"start":{"line":36,"column":23},"end":{"line":36,"column":42}}]},"3":{"type":"branch","line":25,"loc":{"start":{"line":25,"column":29},"end":{"line":26,"column":50}},"locations":[{"start":{"line":25,"column":29},"end":{"line":26,"column":50}}]},"4":{"type":"branch","line":47,"loc":{"start":{"line":47,"column":14},"end":{"line":76,"column":15}},"locations":[{"start":{"line":47,"column":14},"end":{"line":76,"column":15}}]},"5":{"type":"branch","line":49,"loc":{"start":{"line":49,"column":52},"end":{"line":55,"column":15}},"locations":[{"start":{"line":49,"column":52},"end":{"line":55,"column":15}}]},"6":{"type":"branch","line":50,"loc":{"start":{"line":50,"column":26},"end":{"line":50,"column":52}},"locations":[{"start":{"line":50,"column":26},"end":{"line":50,"column":52}}]},"7":{"type":"branch","line":50,"loc":{"start":{"line":50,"column":37},"end":{"line":50,"column":99}},"locations":[{"start":{"line":50,"column":37},"end":{"line":50,"column":99}}]},"8":{"type":"branch","line":52,"loc":{"start":{"line":52,"column":16},"end":{"line":54,"column":17}},"locations":[{"start":{"line":52,"column":16},"end":{"line":54,"column":17}}]},"9":{"type":"branch","line":56,"loc":{"start":{"line":56,"column":31},"end":{"line":73,"column":27}},"locations":[{"start":{"line":56,"column":31},"end":{"line":73,"column":27}}]},"10":{"type":"branch","line":57,"loc":{"start":{"line":57,"column":22},"end":{"line":58,"column":90}},"locations":[{"start":{"line":57,"column":22},"end":{"line":58,"column":90}}]},"11":{"type":"branch","line":65,"loc":{"start":{"line":65,"column":28},"end":{"line":66,"column":49}},"locations":[{"start":{"line":65,"column":28},"end":{"line":66,"column":49}}]},"12":{"type":"branch","line":66,"loc":{"start":{"line":66,"column":26},"end":{"line":67,"column":63}},"locations":[{"start":{"line":66,"column":26},"end":{"line":67,"column":63}}]},"13":{"type":"branch","line":70,"loc":{"start":{"line":70,"column":40},"end":{"line":70,"column":63}},"locations":[{"start":{"line":70,"column":40},"end":{"line":70,"column":63}}]},"14":{"type":"branch","line":70,"loc":{"start":{"line":70,"column":54},"end":{"line":70,"column":73}},"locations":[{"start":{"line":70,"column":54},"end":{"line":70,"column":73}}]}},"b":{"0":[4],"1":[1],"2":[0],"3":[16],"4":[1],"5":[3],"6":[2],"7":[1],"8":[0],"9":[3],"10":[0],"11":[1],"12":[2],"13":[1],"14":[2]},"fnMap":{"0":{"name":"ActivityPagination","decl":{"start":{"line":14,"column":0},"end":{"line":94,"column":1}},"loc":{"start":{"line":14,"column":0},"end":{"line":94,"column":1}},"line":14},"1":{"name":"onChange","decl":{"start":{"line":21,"column":20},"end":{"line":21,"column":65}},"loc":{"start":{"line":21,"column":20},"end":{"line":21,"column":65}},"line":21},"2":{"name":"onClick","decl":{"start":{"line":35,"column":21},"end":{"line":35,"column":55}},"loc":{"start":{"line":35,"column":21},"end":{"line":35,"column":55}},"line":35},"3":{"name":"onClick","decl":{"start":{"line":62,"column":29},"end":{"line":62,"column":49}},"loc":{"start":{"line":62,"column":29},"end":{"line":62,"column":49}},"line":62},"4":{"name":"onClick","decl":{"start":{"line":80,"column":21},"end":{"line":80,"column":55}},"loc":{"start":{"line":80,"column":21},"end":{"line":80,"column":55}},"line":80}},"f":{"0":4,"1":0,"2":0,"3":0,"4":0}}
,"D:\\Faza\\Program\\ParentShield\\resources\\js\\app\\components\\features\\activity\\ActivitySkeleton.tsx": {"path":"D:\\Faza\\Program\\ParentShield\\resources\\js\\app\\components\\features\\activity\\ActivitySkeleton.tsx","all":false,"statementMap":{"0":{"start":{"line":1,"column":0},"end":{"line":1,"column":44}},"1":{"start":{"line":2,"column":0},"end":{"line":2,"column":10}},"2":{"start":{"line":3,"column":0},"end":{"line":3,"column":94}},"3":{"start":{"line":4,"column":0},"end":{"line":4,"column":37}},"4":{"start":{"line":5,"column":0},"end":{"line":5,"column":79}},"5":{"start":{"line":6,"column":0},"end":{"line":6,"column":61}},"6":{"start":{"line":7,"column":0},"end":{"line":7,"column":68}},"7":{"start":{"line":8,"column":0},"end":{"line":8,"column":14}},"8":{"start":{"line":9,"column":0},"end":{"line":9,"column":50}},"9":{"start":{"line":10,"column":0},"end":{"line":10,"column":14}},"10":{"start":{"line":11,"column":0},"end":{"line":11,"column":19}},"11":{"start":{"line":12,"column":0},"end":{"line":12,"column":77}},"13":{"start":{"line":14,"column":0},"end":{"line":14,"column":58}},"14":{"start":{"line":15,"column":0},"end":{"line":15,"column":58}},"15":{"start":{"line":16,"column":0},"end":{"line":16,"column":58}},"16":{"start":{"line":17,"column":0},"end":{"line":17,"column":63}},"17":{"start":{"line":18,"column":0},"end":{"line":18,"column":16}},"18":{"start":{"line":19,"column":0},"end":{"line":19,"column":11}},"19":{"start":{"line":20,"column":0},"end":{"line":20,"column":12}},"20":{"start":{"line":21,"column":0},"end":{"line":21,"column":10}},"22":{"start":{"line":23,"column":0},"end":{"line":23,"column":1}}},"s":{"0":1,"1":1,"2":1,"3":1,"4":1,"5":1,"6":1,"7":1,"8":1,"9":5,"10":5,"11":5,"13":5,"14":5,"15":5,"16":5,"17":5,"18":1,"19":1,"20":1,"22":1},"branchMap":{"0":{"type":"branch","line":1,"loc":{"start":{"line":1,"column":0},"end":{"line":23,"column":1}},"locations":[{"start":{"line":1,"column":0},"end":{"line":23,"column":1}}]},"1":{"type":"branch","line":9,"loc":{"start":{"line":9,"column":39},"end":{"line":18,"column":16}},"locations":[{"start":{"line":9,"column":39},"end":{"line":18,"column":16}}]}},"b":{"0":[1],"1":[5]},"fnMap":{"0":{"name":"ActivitySkeleton","decl":{"start":{"line":1,"column":0},"end":{"line":23,"column":1}},"loc":{"start":{"line":1,"column":0},"end":{"line":23,"column":1}},"line":1}},"f":{"0":1}}
,"D:\\Faza\\Program\\ParentShield\\resources\\js\\app\\components\\features\\activity\\ActivityTable.tsx": {"path":"D:\\Faza\\Program\\ParentShield\\resources\\js\\app\\components\\features\\activity\\ActivityTable.tsx","all":false,"statementMap":{"0":{"start":{"line":1,"column":0},"end":{"line":1,"column":33}},"10":{"start":{"line":11,"column":0},"end":{"line":11,"column":45}},"11":{"start":{"line":12,"column":0},"end":{"line":12,"column":35}},"12":{"start":{"line":13,"column":0},"end":{"line":13,"column":42}},"13":{"start":{"line":14,"column":0},"end":{"line":14,"column":39}},"14":{"start":{"line":15,"column":0},"end":{"line":15,"column":43}},"15":{"start":{"line":16,"column":0},"end":{"line":16,"column":51}},"16":{"start":{"line":17,"column":0},"end":{"line":17,"column":41}},"17":{"start":{"line":18,"column":0},"end":{"line":18,"column":45}},"18":{"start":{"line":19,"column":0},"end":{"line":19,"column":38}},"19":{"start":{"line":20,"column":0},"end":{"line":20,"column":43}},"20":{"start":{"line":21,"column":0},"end":{"line":21,"column":107}},"21":{"start":{"line":22,"column":0},"end":{"line":22,"column":1}},"23":{"start":{"line":24,"column":0},"end":{"line":24,"column":54}},"24":{"start":{"line":25,"column":0},"end":{"line":25,"column":25}},"25":{"start":{"line":26,"column":0},"end":{"line":26,"column":88}},"26":{"start":{"line":27,"column":0},"end":{"line":27,"column":3}},"27":{"start":{"line":28,"column":0},"end":{"line":28,"column":40}},"28":{"start":{"line":29,"column":0},"end":{"line":29,"column":69}},"29":{"start":{"line":30,"column":0},"end":{"line":30,"column":52}},"30":{"start":{"line":31,"column":0},"end":{"line":31,"column":1}},"32":{"start":{"line":33,"column":0},"end":{"line":33,"column":42}},"33":{"start":{"line":34,"column":0},"end":{"line":34,"column":77}},"34":{"start":{"line":35,"column":0},"end":{"line":35,"column":100}},"35":{"start":{"line":36,"column":0},"end":{"line":36,"column":104}},"36":{"start":{"line":37,"column":0},"end":{"line":37,"column":106}},"37":{"start":{"line":38,"column":0},"end":{"line":38,"column":67}},"38":{"start":{"line":39,"column":0},"end":{"line":39,"column":1}},"40":{"start":{"line":41,"column":0},"end":{"line":41,"column":55}},"41":{"start":{"line":42,"column":0},"end":{"line":42,"column":24}},"42":{"start":{"line":43,"column":0},"end":{"line":43,"column":39}},"43":{"start":{"line":44,"column":0},"end":{"line":44,"column":44}},"44":{"start":{"line":45,"column":0},"end":{"line":45,"column":38}},"45":{"start":{"line":46,"column":0},"end":{"line":46,"column":24}},"46":{"start":{"line":47,"column":0},"end":{"line":47,"column":42}},"47":{"start":{"line":48,"column":0},"end":{"line":48,"column":23}},"48":{"start":{"line":49,"column":0},"end":{"line":49,"column":4}},"49":{"start":{"line":50,"column":0},"end":{"line":50,"column":27}},"50":{"start":{"line":51,"column":0},"end":{"line":51,"column":1}},"52":{"start":{"line":53,"column":0},"end":{"line":53,"column":60}},"53":{"start":{"line":54,"column":0},"end":{"line":54,"column":10}},"54":{"start":{"line":55,"column":0},"end":{"line":55,"column":52}},"55":{"start":{"line":56,"column":0},"end":{"line":56,"column":11}},"56":{"start":{"line":57,"column":0},"end":{"line":57,"column":56}},"57":{"start":{"line":58,"column":0},"end":{"line":58,"column":81}},"58":{"start":{"line":59,"column":0},"end":{"line":59,"column":12}},"59":{"start":{"line":60,"column":0},"end":{"line":60,"column":11}},"60":{"start":{"line":61,"column":0},"end":{"line":61,"column":63}},"61":{"start":{"line":62,"column":0},"end":{"line":62,"column":118}},"62":{"start":{"line":63,"column":0},"end":{"line":63,"column":12}},"63":{"start":{"line":64,"column":0},"end":{"line":64,"column":11}},"64":{"start":{"line":65,"column":0},"end":{"line":65,"column":58}},"65":{"start":{"line":66,"column":0},"end":{"line":66,"column":88}},"66":{"start":{"line":67,"column":0},"end":{"line":67,"column":12}},"67":{"start":{"line":68,"column":0},"end":{"line":68,"column":11}},"68":{"start":{"line":69,"column":0},"end":{"line":69,"column":58}},"69":{"start":{"line":70,"column":0},"end":{"line":70,"column":85}},"70":{"start":{"line":71,"column":0},"end":{"line":71,"column":12}},"71":{"start":{"line":72,"column":0},"end":{"line":72,"column":10}},"73":{"start":{"line":74,"column":0},"end":{"line":74,"column":1}},"75":{"start":{"line":76,"column":0},"end":{"line":76,"column":105}},"76":{"start":{"line":77,"column":0},"end":{"line":77,"column":74}},"78":{"start":{"line":79,"column":0},"end":{"line":79,"column":41}},"79":{"start":{"line":80,"column":0},"end":{"line":80,"column":60}},"80":{"start":{"line":81,"column":0},"end":{"line":81,"column":4}},"82":{"start":{"line":83,"column":0},"end":{"line":83,"column":19}},"83":{"start":{"line":84,"column":0},"end":{"line":84,"column":6}},"84":{"start":{"line":85,"column":0},"end":{"line":85,"column":124}},"85":{"start":{"line":86,"column":0},"end":{"line":86,"column":52}},"86":{"start":{"line":87,"column":0},"end":{"line":87,"column":17}},"87":{"start":{"line":88,"column":0},"end":{"line":88,"column":90}},"88":{"start":{"line":89,"column":0},"end":{"line":89,"column":68}},"89":{"start":{"line":90,"column":0},"end":{"line":90,"column":58}},"90":{"start":{"line":91,"column":0},"end":{"line":91,"column":62}},"91":{"start":{"line":92,"column":0},"end":{"line":92,"column":59}},"92":{"start":{"line":93,"column":0},"end":{"line":93,"column":17}},"93":{"start":{"line":94,"column":0},"end":{"line":94,"column":18}},"94":{"start":{"line":95,"column":0},"end":{"line":95,"column":17}},"95":{"start":{"line":96,"column":0},"end":{"line":96,"column":42}},"96":{"start":{"line":97,"column":0},"end":{"line":97,"column":83}},"97":{"start":{"line":98,"column":0},"end":{"line":98,"column":22}},"98":{"start":{"line":99,"column":0},"end":{"line":99,"column":63}},"99":{"start":{"line":100,"column":0},"end":{"line":100,"column":50}},"100":{"start":{"line":101,"column":0},"end":{"line":101,"column":24}},"101":{"start":{"line":102,"column":0},"end":{"line":102,"column":55}},"102":{"start":{"line":103,"column":0},"end":{"line":103,"column":132}},"104":{"start":{"line":105,"column":0},"end":{"line":105,"column":54}},"105":{"start":{"line":106,"column":0},"end":{"line":106,"column":105}},"106":{"start":{"line":107,"column":0},"end":{"line":107,"column":90}},"107":{"start":{"line":108,"column":0},"end":{"line":108,"column":28}},"108":{"start":{"line":109,"column":0},"end":{"line":109,"column":66}},"109":{"start":{"line":110,"column":0},"end":{"line":110,"column":55}},"110":{"start":{"line":111,"column":0},"end":{"line":111,"column":28}},"111":{"start":{"line":112,"column":0},"end":{"line":112,"column":66}},"112":{"start":{"line":113,"column":0},"end":{"line":113,"column":97}},"113":{"start":{"line":114,"column":0},"end":{"line":114,"column":28}},"114":{"start":{"line":115,"column":0},"end":{"line":115,"column":46}},"115":{"start":{"line":116,"column":0},"end":{"line":116,"column":123}},"116":{"start":{"line":117,"column":0},"end":{"line":117,"column":39}},"117":{"start":{"line":118,"column":0},"end":{"line":118,"column":31}},"118":{"start":{"line":119,"column":0},"end":{"line":119,"column":28}},"119":{"start":{"line":120,"column":0},"end":{"line":120,"column":53}},"120":{"start":{"line":121,"column":0},"end":{"line":121,"column":28}},"121":{"start":{"line":122,"column":0},"end":{"line":122,"column":128}},"122":{"start":{"line":123,"column":0},"end":{"line":123,"column":45}},"123":{"start":{"line":124,"column":0},"end":{"line":124,"column":37}},"124":{"start":{"line":125,"column":0},"end":{"line":125,"column":47}},"125":{"start":{"line":126,"column":0},"end":{"line":126,"column":41}},"126":{"start":{"line":127,"column":0},"end":{"line":127,"column":47}},"127":{"start":{"line":128,"column":0},"end":{"line":128,"column":48}},"129":{"start":{"line":130,"column":0},"end":{"line":130,"column":62}},"130":{"start":{"line":131,"column":0},"end":{"line":131,"column":30}},"131":{"start":{"line":132,"column":0},"end":{"line":132,"column":28}},"132":{"start":{"line":133,"column":0},"end":{"line":133,"column":26}},"133":{"start":{"line":134,"column":0},"end":{"line":134,"column":47}},"134":{"start":{"line":135,"column":0},"end":{"line":135,"column":100}},"135":{"start":{"line":136,"column":0},"end":{"line":136,"column":55}},"136":{"start":{"line":137,"column":0},"end":{"line":137,"column":28}},"138":{"start":{"line":139,"column":0},"end":{"line":139,"column":23}},"139":{"start":{"line":140,"column":0},"end":{"line":140,"column":21}},"141":{"start":{"line":142,"column":0},"end":{"line":142,"column":15}},"142":{"start":{"line":143,"column":0},"end":{"line":143,"column":18}},"143":{"start":{"line":144,"column":0},"end":{"line":144,"column":16}},"144":{"start":{"line":145,"column":0},"end":{"line":145,"column":12}},"146":{"start":{"line":147,"column":0},"end":{"line":147,"column":53}},"147":{"start":{"line":148,"column":0},"end":{"line":148,"column":38}},"148":{"start":{"line":149,"column":0},"end":{"line":149,"column":79}},"149":{"start":{"line":150,"column":0},"end":{"line":150,"column":18}},"150":{"start":{"line":151,"column":0},"end":{"line":151,"column":136}},"151":{"start":{"line":152,"column":0},"end":{"line":152,"column":80}},"152":{"start":{"line":153,"column":0},"end":{"line":153,"column":72}},"153":{"start":{"line":154,"column":0},"end":{"line":154,"column":50}},"154":{"start":{"line":155,"column":0},"end":{"line":155,"column":109}},"155":{"start":{"line":156,"column":0},"end":{"line":156,"column":86}},"156":{"start":{"line":157,"column":0},"end":{"line":157,"column":24}},"157":{"start":{"line":158,"column":0},"end":{"line":158,"column":111}},"158":{"start":{"line":159,"column":0},"end":{"line":159,"column":33}},"159":{"start":{"line":160,"column":0},"end":{"line":160,"column":25}},"160":{"start":{"line":161,"column":0},"end":{"line":161,"column":22}},"161":{"start":{"line":162,"column":0},"end":{"line":162,"column":86}},"162":{"start":{"line":163,"column":0},"end":{"line":163,"column":62}},"163":{"start":{"line":164,"column":0},"end":{"line":164,"column":56}},"164":{"start":{"line":165,"column":0},"end":{"line":165,"column":104}},"165":{"start":{"line":166,"column":0},"end":{"line":166,"column":22}},"166":{"start":{"line":167,"column":0},"end":{"line":167,"column":55}},"167":{"start":{"line":168,"column":0},"end":{"line":168,"column":22}},"168":{"start":{"line":169,"column":0},"end":{"line":169,"column":122}},"169":{"start":{"line":170,"column":0},"end":{"line":170,"column":39}},"170":{"start":{"line":171,"column":0},"end":{"line":171,"column":31}},"171":{"start":{"line":172,"column":0},"end":{"line":172,"column":41}},"172":{"start":{"line":173,"column":0},"end":{"line":173,"column":35}},"173":{"start":{"line":174,"column":0},"end":{"line":174,"column":41}},"174":{"start":{"line":175,"column":0},"end":{"line":175,"column":42}},"176":{"start":{"line":177,"column":0},"end":{"line":177,"column":56}},"177":{"start":{"line":178,"column":0},"end":{"line":178,"column":24}},"178":{"start":{"line":179,"column":0},"end":{"line":179,"column":22}},"179":{"start":{"line":180,"column":0},"end":{"line":180,"column":20}},"180":{"start":{"line":181,"column":0},"end":{"line":181,"column":41}},"181":{"start":{"line":182,"column":0},"end":{"line":182,"column":69}},"182":{"start":{"line":183,"column":0},"end":{"line":183,"column":49}},"183":{"start":{"line":184,"column":0},"end":{"line":184,"column":22}},"185":{"start":{"line":186,"column":0},"end":{"line":186,"column":18}},"187":{"start":{"line":188,"column":0},"end":{"line":188,"column":11}},"188":{"start":{"line":189,"column":0},"end":{"line":189,"column":12}},"189":{"start":{"line":190,"column":0},"end":{"line":190,"column":7}},"192":{"start":{"line":193,"column":0},"end":{"line":193,"column":10}},"193":{"start":{"line":194,"column":0},"end":{"line":194,"column":30}},"194":{"start":{"line":195,"column":0},"end":{"line":195,"column":15}},"195":{"start":{"line":196,"column":0},"end":{"line":196,"column":19}},"196":{"start":{"line":197,"column":0},"end":{"line":197,"column":103}},"197":{"start":{"line":198,"column":0},"end":{"line":198,"column":57}},"198":{"start":{"line":199,"column":0},"end":{"line":199,"column":14}},"200":{"start":{"line":201,"column":0},"end":{"line":201,"column":10}},"202":{"start":{"line":203,"column":0},"end":{"line":203,"column":1}}},"s":{"0":1,"10":16,"11":16,"12":16,"13":16,"14":0,"15":0,"16":0,"17":0,"18":0,"19":0,"20":0,"21":0,"23":16,"24":16,"25":0,"26":0,"27":16,"28":16,"29":16,"30":16,"32":16,"33":16,"34":8,"35":0,"36":0,"37":0,"38":0,"40":0,"41":0,"42":0,"43":0,"44":0,"45":0,"46":0,"47":0,"48":0,"49":0,"50":0,"52":0,"53":0,"54":0,"55":0,"56":0,"57":0,"58":0,"59":0,"60":0,"61":0,"62":0,"63":0,"64":0,"65":0,"66":0,"67":0,"68":0,"69":0,"70":0,"71":0,"73":0,"75":4,"76":4,"78":4,"79":0,"80":0,"82":4,"83":4,"84":4,"85":4,"86":4,"87":4,"88":4,"89":4,"90":4,"91":4,"92":4,"93":4,"94":4,"95":4,"96":8,"97":8,"98":8,"99":8,"100":8,"101":8,"102":8,"104":8,"105":8,"106":8,"107":8,"108":8,"109":8,"110":8,"111":8,"112":8,"113":8,"114":8,"115":8,"116":8,"117":8,"118":8,"119":8,"120":8,"121":8,"122":8,"123":8,"124":8,"125":8,"126":8,"127":8,"129":8,"130":8,"131":8,"132":8,"133":8,"134":0,"135":0,"136":0,"138":8,"139":8,"141":4,"142":4,"143":4,"144":4,"146":4,"147":4,"148":8,"149":8,"150":8,"151":8,"152":8,"153":8,"154":8,"155":8,"156":8,"157":8,"158":8,"159":8,"160":8,"161":8,"162":8,"163":8,"164":8,"165":8,"166":8,"167":8,"168":8,"169":8,"170":8,"171":8,"172":8,"173":8,"174":8,"176":8,"177":8,"178":8,"179":8,"180":8,"181":0,"182":0,"183":0,"185":8,"187":4,"188":4,"189":4,"192":4,"193":4,"194":4,"195":4,"196":0,"197":0,"198":0,"200":4,"202":4},"branchMap":{"0":{"type":"branch","line":11,"loc":{"start":{"line":11,"column":0},"end":{"line":22,"column":1}},"locations":[{"start":{"line":11,"column":0},"end":{"line":22,"column":1}}]},"1":{"type":"branch","line":14,"loc":{"start":{"line":14,"column":27},"end":{"line":22,"column":1}},"locations":[{"start":{"line":14,"column":27},"end":{"line":22,"column":1}}]},"2":{"type":"branch","line":24,"loc":{"start":{"line":24,"column":0},"end":{"line":31,"column":1}},"locations":[{"start":{"line":24,"column":0},"end":{"line":31,"column":1}}]},"3":{"type":"branch","line":25,"loc":{"start":{"line":25,"column":24},"end":{"line":27,"column":3}},"locations":[{"start":{"line":25,"column":24},"end":{"line":27,"column":3}}]},"4":{"type":"branch","line":29,"loc":{"start":{"line":29,"column":56},"end":{"line":29,"column":69}},"locations":[{"start":{"line":29,"column":56},"end":{"line":29,"column":69}}]},"5":{"type":"branch","line":33,"loc":{"start":{"line":33,"column":0},"end":{"line":39,"column":1}},"locations":[{"start":{"line":33,"column":0},"end":{"line":39,"column":1}}]},"6":{"type":"branch","line":34,"loc":{"start":{"line":34,"column":15},"end":{"line":35,"column":100}},"locations":[{"start":{"line":34,"column":15},"end":{"line":35,"column":100}}]},"7":{"type":"branch","line":35,"loc":{"start":{"line":35,"column":98},"end":{"line":39,"column":1}},"locations":[{"start":{"line":35,"column":98},"end":{"line":39,"column":1}}]},"8":{"type":"branch","line":76,"loc":{"start":{"line":76,"column":0},"end":{"line":203,"column":1}},"locations":[{"start":{"line":76,"column":0},"end":{"line":203,"column":1}}]},"9":{"type":"branch","line":196,"loc":{"start":{"line":196,"column":7},"end":{"line":199,"column":14}},"locations":[{"start":{"line":196,"column":7},"end":{"line":199,"column":14}}]},"10":{"type":"branch","line":96,"loc":{"start":{"line":96,"column":25},"end":{"line":142,"column":13}},"locations":[{"start":{"line":96,"column":25},"end":{"line":142,"column":13}}]},"11":{"type":"branch","line":97,"loc":{"start":{"line":97,"column":49},"end":{"line":97,"column":81}},"locations":[{"start":{"line":97,"column":49},"end":{"line":97,"column":81}}]},"12":{"type":"branch","line":113,"loc":{"start":{"line":113,"column":80},"end":{"line":113,"column":97}},"locations":[{"start":{"line":113,"column":80},"end":{"line":113,"column":97}}]},"13":{"type":"branch","line":122,"loc":{"start":{"line":122,"column":102},"end":{"line":122,"column":123}},"locations":[{"start":{"line":122,"column":102},"end":{"line":122,"column":123}}]},"14":{"type":"branch","line":134,"loc":{"start":{"line":134,"column":39},"end":{"line":137,"column":28}},"locations":[{"start":{"line":134,"column":39},"end":{"line":137,"column":28}}]},"15":{"type":"branch","line":148,"loc":{"start":{"line":148,"column":21},"end":{"line":188,"column":9}},"locations":[{"start":{"line":148,"column":21},"end":{"line":188,"column":9}}]},"16":{"type":"branch","line":149,"loc":{"start":{"line":149,"column":45},"end":{"line":149,"column":77}},"locations":[{"start":{"line":149,"column":45},"end":{"line":149,"column":77}}]},"17":{"type":"branch","line":165,"loc":{"start":{"line":165,"column":80},"end":{"line":165,"column":97}},"locations":[{"start":{"line":165,"column":80},"end":{"line":165,"column":97}}]},"18":{"type":"branch","line":169,"loc":{"start":{"line":169,"column":96},"end":{"line":169,"column":117}},"locations":[{"start":{"line":169,"column":96},"end":{"line":169,"column":117}}]},"19":{"type":"branch","line":181,"loc":{"start":{"line":181,"column":33},"end":{"line":184,"column":22}},"locations":[{"start":{"line":181,"column":33},"end":{"line":184,"column":22}}]}},"b":{"0":[16],"1":[0],"2":[16],"3":[0],"4":[0],"5":[16],"6":[8],"7":[0],"8":[4],"9":[0],"10":[8],"11":[4],"12":[0],"13":[0],"14":[0],"15":[8],"16":[4],"17":[0],"18":[0],"19":[0]},"fnMap":{"0":{"name":"formatTime","decl":{"start":{"line":11,"column":0},"end":{"line":22,"column":1}},"loc":{"start":{"line":11,"column":0},"end":{"line":22,"column":1}},"line":11},"1":{"name":"getDisplayName","decl":{"start":{"line":24,"column":0},"end":{"line":31,"column":1}},"loc":{"start":{"line":24,"column":0},"end":{"line":31,"column":1}},"line":24},"2":{"name":"getStatusBadge","decl":{"start":{"line":33,"column":0},"end":{"line":39,"column":1}},"loc":{"start":{"line":33,"column":0},"end":{"line":39,"column":1}},"line":33},"3":{"name":"getFilteringTypeLabel","decl":{"start":{"line":41,"column":0},"end":{"line":51,"column":1}},"loc":{"start":{"line":41,"column":0},"end":{"line":51,"column":1}},"line":41},"4":{"name":"DetailSection","decl":{"start":{"line":53,"column":0},"end":{"line":74,"column":1}},"loc":{"start":{"line":53,"column":0},"end":{"line":74,"column":1}},"line":53},"5":{"name":"ActivityTable","decl":{"start":{"line":76,"column":0},"end":{"line":203,"column":1}},"loc":{"start":{"line":76,"column":0},"end":{"line":203,"column":1}},"line":76},"6":{"name":"toggleExpand","decl":{"start":{"line":79,"column":23},"end":{"line":81,"column":4}},"loc":{"start":{"line":79,"column":23},"end":{"line":81,"column":4}},"line":79},"7":{"name":"onClick","decl":{"start":{"line":102,"column":31},"end":{"line":102,"column":55}},"loc":{"start":{"line":102,"column":31},"end":{"line":102,"column":55}},"line":102},"8":{"name":"onClick","decl":{"start":{"line":152,"column":28},"end":{"line":152,"column":53}},"loc":{"start":{"line":152,"column":28},"end":{"line":152,"column":53}},"line":152}},"f":{"0":16,"1":16,"2":16,"3":0,"4":0,"5":4,"6":0,"7":0,"8":0}}
,"D:\\Faza\\Program\\ParentShield\\resources\\js\\app\\components\\features\\activity\\DateRangePicker.tsx": {"path":"D:\\Faza\\Program\\ParentShield\\resources\\js\\app\\components\\features\\activity\\DateRangePicker.tsx","all":false,"statementMap":{"0":{"start":{"line":1,"column":0},"end":{"line":1,"column":42}},"9":{"start":{"line":10,"column":0},"end":{"line":10,"column":139}},"10":{"start":{"line":11,"column":0},"end":{"line":11,"column":63}},"11":{"start":{"line":12,"column":0},"end":{"line":12,"column":23}},"12":{"start":{"line":13,"column":0},"end":{"line":13,"column":36}},"13":{"start":{"line":14,"column":0},"end":{"line":14,"column":36}},"14":{"start":{"line":15,"column":0},"end":{"line":15,"column":38}},"15":{"start":{"line":16,"column":0},"end":{"line":16,"column":38}},"16":{"start":{"line":17,"column":0},"end":{"line":17,"column":39}},"17":{"start":{"line":18,"column":0},"end":{"line":18,"column":39}},"18":{"start":{"line":19,"column":0},"end":{"line":19,"column":42}},"19":{"start":{"line":20,"column":0},"end":{"line":20,"column":42}},"20":{"start":{"line":21,"column":0},"end":{"line":21,"column":2}},"22":{"start":{"line":23,"column":0},"end":{"line":23,"column":24}},"24":{"start":{"line":25,"column":0},"end":{"line":25,"column":59}},"25":{"start":{"line":26,"column":0},"end":{"line":26,"column":48}},"26":{"start":{"line":27,"column":0},"end":{"line":27,"column":1}},"28":{"start":{"line":29,"column":0},"end":{"line":29,"column":59}},"29":{"start":{"line":30,"column":0},"end":{"line":30,"column":43}},"30":{"start":{"line":31,"column":0},"end":{"line":31,"column":1}},"32":{"start":{"line":33,"column":0},"end":{"line":33,"column":39}},"33":{"start":{"line":34,"column":0},"end":{"line":34,"column":28}},"34":{"start":{"line":35,"column":0},"end":{"line":35,"column":54}},"35":{"start":{"line":36,"column":0},"end":{"line":36,"column":51}},"36":{"start":{"line":37,"column":0},"end":{"line":37,"column":50}},"37":{"start":{"line":38,"column":0},"end":{"line":38,"column":54}},"38":{"start":{"line":39,"column":0},"end":{"line":39,"column":40}},"39":{"start":{"line":40,"column":0},"end":{"line":40,"column":1}},"41":{"start":{"line":42,"column":0},"end":{"line":42,"column":45}},"42":{"start":{"line":43,"column":0},"end":{"line":43,"column":109}},"43":{"start":{"line":44,"column":0},"end":{"line":44,"column":1}},"45":{"start":{"line":46,"column":0},"end":{"line":46,"column":76}},"46":{"start":{"line":47,"column":0},"end":{"line":47,"column":35}},"47":{"start":{"line":48,"column":0},"end":{"line":48,"column":30}},"48":{"start":{"line":49,"column":0},"end":{"line":49,"column":1}},"50":{"start":{"line":51,"column":0},"end":{"line":51,"column":89}},"54":{"start":{"line":55,"column":0},"end":{"line":55,"column":4}},"55":{"start":{"line":56,"column":0},"end":{"line":56,"column":45}},"56":{"start":{"line":57,"column":0},"end":{"line":57,"column":42}},"57":{"start":{"line":58,"column":0},"end":{"line":58,"column":39}},"58":{"start":{"line":59,"column":0},"end":{"line":59,"column":34}},"60":{"start":{"line":61,"column":0},"end":{"line":61,"column":50}},"61":{"start":{"line":62,"column":0},"end":{"line":62,"column":40}},"62":{"start":{"line":63,"column":0},"end":{"line":63,"column":16}},"63":{"start":{"line":64,"column":0},"end":{"line":64,"column":55}},"64":{"start":{"line":65,"column":0},"end":{"line":65,"column":3}},"65":{"start":{"line":66,"column":0},"end":{"line":66,"column":80}},"67":{"start":{"line":68,"column":0},"end":{"line":68,"column":46}},"68":{"start":{"line":69,"column":0},"end":{"line":69,"column":52}},"69":{"start":{"line":70,"column":0},"end":{"line":70,"column":65}},"71":{"start":{"line":72,"column":0},"end":{"line":72,"column":10}},"72":{"start":{"line":73,"column":0},"end":{"line":73,"column":70}},"73":{"start":{"line":74,"column":0},"end":{"line":74,"column":104}},"74":{"start":{"line":75,"column":0},"end":{"line":75,"column":97}},"75":{"start":{"line":76,"column":0},"end":{"line":76,"column":49}},"76":{"start":{"line":77,"column":0},"end":{"line":77,"column":12}},"77":{"start":{"line":78,"column":0},"end":{"line":78,"column":28}},"78":{"start":{"line":79,"column":0},"end":{"line":79,"column":71}},"79":{"start":{"line":80,"column":0},"end":{"line":80,"column":29}},"80":{"start":{"line":81,"column":0},"end":{"line":81,"column":44}},"81":{"start":{"line":82,"column":0},"end":{"line":82,"column":50}},"82":{"start":{"line":83,"column":0},"end":{"line":83,"column":49}},"83":{"start":{"line":84,"column":0},"end":{"line":84,"column":48}},"84":{"start":{"line":85,"column":0},"end":{"line":85,"column":59}},"85":{"start":{"line":86,"column":0},"end":{"line":86,"column":66}},"86":{"start":{"line":87,"column":0},"end":{"line":87,"column":60}},"87":{"start":{"line":88,"column":0},"end":{"line":88,"column":64}},"88":{"start":{"line":89,"column":0},"end":{"line":89,"column":51}},"89":{"start":{"line":90,"column":0},"end":{"line":90,"column":20}},"90":{"start":{"line":91,"column":0},"end":{"line":91,"column":21}},"91":{"start":{"line":92,"column":0},"end":{"line":92,"column":24}},"92":{"start":{"line":93,"column":0},"end":{"line":93,"column":35}},"93":{"start":{"line":94,"column":0},"end":{"line":94,"column":46}},"94":{"start":{"line":95,"column":0},"end":{"line":95,"column":114}},"95":{"start":{"line":96,"column":0},"end":{"line":96,"column":109}},"96":{"start":{"line":97,"column":0},"end":{"line":97,"column":87}},"97":{"start":{"line":98,"column":0},"end":{"line":98,"column":76}},"98":{"start":{"line":99,"column":0},"end":{"line":99,"column":109}},"99":{"start":{"line":100,"column":0},"end":{"line":100,"column":103}},"102":{"start":{"line":103,"column":0},"end":{"line":103,"column":19}},"103":{"start":{"line":104,"column":0},"end":{"line":104,"column":23}},"105":{"start":{"line":106,"column":0},"end":{"line":106,"column":13}},"106":{"start":{"line":107,"column":0},"end":{"line":107,"column":14}},"107":{"start":{"line":108,"column":0},"end":{"line":108,"column":9}},"108":{"start":{"line":109,"column":0},"end":{"line":109,"column":10}},"110":{"start":{"line":111,"column":0},"end":{"line":111,"column":1}},"112":{"start":{"line":113,"column":0},"end":{"line":113,"column":109}},"113":{"start":{"line":114,"column":0},"end":{"line":114,"column":47}},"114":{"start":{"line":115,"column":0},"end":{"line":115,"column":104}},"115":{"start":{"line":116,"column":0},"end":{"line":116,"column":64}},"116":{"start":{"line":117,"column":0},"end":{"line":117,"column":34}},"118":{"start":{"line":119,"column":0},"end":{"line":119,"column":29}},"119":{"start":{"line":120,"column":0},"end":{"line":120,"column":27}},"121":{"start":{"line":122,"column":0},"end":{"line":122,"column":64}},"122":{"start":{"line":123,"column":0},"end":{"line":123,"column":60}},"123":{"start":{"line":124,"column":0},"end":{"line":124,"column":51}},"124":{"start":{"line":125,"column":0},"end":{"line":125,"column":47}},"125":{"start":{"line":126,"column":0},"end":{"line":126,"column":119}},"126":{"start":{"line":127,"column":0},"end":{"line":127,"column":106}},"127":{"start":{"line":128,"column":0},"end":{"line":128,"column":61}},"128":{"start":{"line":129,"column":0},"end":{"line":129,"column":58}},"130":{"start":{"line":131,"column":0},"end":{"line":131,"column":81}},"131":{"start":{"line":132,"column":0},"end":{"line":132,"column":81}},"132":{"start":{"line":133,"column":0},"end":{"line":133,"column":88}},"133":{"start":{"line":134,"column":0},"end":{"line":134,"column":141}},
[...]
3":43,"184":43,"185":43,"186":43,"187":43,"188":43,"189":43,"191":43,"192":43,"193":43,"194":43,"195":2,"196":2,"197":2,"199":41,"200":41,"201":41,"203":43,"204":43,"206":43,"207":43,"208":43,"209":43,"211":43,"212":43,"213":43,"214":43,"215":43,"216":43,"217":43,"219":43},"branchMap":{"0":{"type":"branch","line":10,"loc":{"start":{"line":10,"column":0},"end":{"line":220,"column":1}},"locations":[{"start":{"line":10,"column":0},"end":{"line":220,"column":1}}]},"1":{"type":"branch","line":14,"loc":{"start":{"line":14,"column":41},"end":{"line":14,"column":51}},"locations":[{"start":{"line":14,"column":41},"end":{"line":14,"column":51}}]},"2":{"type":"branch","line":118,"loc":{"start":{"line":118,"column":29},"end":{"line":118,"column":41}},"locations":[{"start":{"line":118,"column":29},"end":{"line":118,"column":41}}]},"3":{"type":"branch","line":130,"loc":{"start":{"line":130,"column":15},"end":{"line":130,"column":49}},"locations":[{"start":{"line":130,"column":15},"end":{"line":130,"column":49}}]},"4":{"type":"branch","line":130,"loc":{"start":{"line":130,"column":32},"end":{"line":130,"column":68}},"locations":[{"start":{"line":130,"column":32},"end":{"line":130,"column":68}}]},"5":{"type":"branch","line":132,"loc":{"start":{"line":132,"column":13},"end":{"line":132,"column":87}},"locations":[{"start":{"line":132,"column":13},"end":{"line":132,"column":87}}]},"6":{"type":"branch","line":173,"loc":{"start":{"line":173,"column":15},"end":{"line":173,"column":52}},"locations":[{"start":{"line":173,"column":15},"end":{"line":173,"column":52}}]},"7":{"type":"branch","line":173,"loc":{"start":{"line":173,"column":33},"end":{"line":173,"column":74}},"locations":[{"start":{"line":173,"column":33},"end":{"line":173,"column":74}}]},"8":{"type":"branch","line":175,"loc":{"start":{"line":175,"column":13},"end":{"line":175,"column":89}},"locations":[{"start":{"line":175,"column":13},"end":{"line":175,"column":89}}]},"9":{"type":"branch","line":195,"loc":{"start":{"line":195,"column":17},"end":{"line":198,"column":25}},"locations":[{"start":{"line":195,"column":17},"end":{"line":198,"column":25}}]},"10":{"type":"branch","line":198,"loc":{"start":{"line":198,"column":18},"end":{"line":202,"column":25}},"locations":[{"start":{"line":198,"column":18},"end":{"line":202,"column":25}}]},"11":{"type":"branch","line":212,"loc":{"start":{"line":212,"column":15},"end":{"line":212,"column":52}},"locations":[{"start":{"line":212,"column":15},"end":{"line":212,"column":52}}]},"12":{"type":"branch","line":212,"loc":{"start":{"line":212,"column":31},"end":{"line":212,"column":72}},"locations":[{"start":{"line":212,"column":31},"end":{"line":212,"column":72}}]},"13":{"type":"branch","line":214,"loc":{"start":{"line":214,"column":13},"end":{"line":214,"column":85}},"locations":[{"start":{"line":214,"column":13},"end":{"line":214,"column":85}}]},"14":{"type":"branch","line":30,"loc":{"start":{"line":30,"column":12},"end":{"line":32,"column":5}},"locations":[{"start":{"line":30,"column":12},"end":{"line":32,"column":5}}]},"15":{"type":"branch","line":34,"loc":{"start":{"line":34,"column":12},"end":{"line":38,"column":5}},"locations":[{"start":{"line":34,"column":12},"end":{"line":38,"column":5}}]},"16":{"type":"branch","line":36,"loc":{"start":{"line":36,"column":12},"end":{"line":36,"column":56}},"locations":[{"start":{"line":36,"column":12},"end":{"line":36,"column":56}}]},"17":{"type":"branch","line":40,"loc":{"start":{"line":40,"column":30},"end":{"line":53,"column":4}},"locations":[{"start":{"line":40,"column":30},"end":{"line":53,"column":4}}]},"18":{"type":"branch","line":44,"loc":{"start":{"line":44,"column":30},"end":{"line":52,"column":29}},"locations":[{"start":{"line":44,"column":30},"end":{"line":52,"column":29}}]},"19":{"type":"branch","line":55,"loc":{"start":{"line":55,"column":31},"end":{"line":81,"column":4}},"locations":[{"start":{"line":55,"column":31},"end":{"line":81,"column":4}}]},"20":{"type":"branch","line":59,"loc":{"start":{"line":59,"column":41},"end":{"line":62,"column":5}},"locations":[{"start":{"line":59,"column":41},"end":{"line":62,"column":5}}]},"21":{"type":"branch","line":62,"loc":{"start":{"line":62,"column":4},"end":{"line":67,"column":74}},"locations":[{"start":{"line":62,"column":4},"end":{"line":67,"column":74}}]},"22":{"type":"branch","line":67,"loc":{"start":{"line":67,"column":72},"end":{"line":78,"column":6}},"locations":[{"start":{"line":67,"column":72},"end":{"line":78,"column":6}}]},"23":{"type":"branch","line":78,"loc":{"start":{"line":78,"column":4},"end":{"line":80,"column":5}},"locations":[{"start":{"line":78,"column":4},"end":{"line":80,"column":5}}]},"24":{"type":"branch","line":83,"loc":{"start":{"line":83,"column":29},"end":{"line":96,"column":4}},"locations":[{"start":{"line":83,"column":29},"end":{"line":96,"column":4}}]},"25":{"type":"branch","line":91,"loc":{"start":{"line":91,"column":4},"end":{"line":93,"column":6}},"locations":[{"start":{"line":91,"column":4},"end":{"line":93,"column":6}}]},"26":{"type":"branch","line":98,"loc":{"start":{"line":98,"column":21},"end":{"line":98,"column":78}},"locations":[{"start":{"line":98,"column":21},"end":{"line":98,"column":78}}]},"27":{"type":"branch","line":98,"loc":{"start":{"line":98,"column":38},"end":{"line":98,"column":68}},"locations":[{"start":{"line":98,"column":38},"end":{"line":98,"column":68}}]},"28":{"type":"branch","line":98,"loc":{"start":{"line":98,"column":63},"end":{"line":98,"column":78}},"locations":[{"start":{"line":98,"column":63},"end":{"line":98,"column":78}}]}},"b":{"0":[43],"1":[0],"2":[0],"3":[6],"4":[37],"5":[1],"6":[2],"7":[41],"8":[1],"9":[2],"10":[41],"11":[1],"12":[42],"13":[0],"14":[12],"15":[12],"16":[12],"17":[3],"18":[1],"19":[3],"20":[1],"21":[2],"22":[1],"23":[2],"24":[1],"25":[0],"26":[129],"27":[9],"28":[126]},"fnMap":{"0":{"name":"Settings","decl":{"start":{"line":10,"column":0},"end":{"line":220,"column":1}},"loc":{"start":{"line":10,"column":0},"end":{"line":220,"column":1}},"line":10},"1":{"name":"handleUpdateProfile","decl":{"start":{"line":40,"column":30},"end":{"line":53,"column":4}},"loc":{"start":{"line":40,"column":30},"end":{"line":53,"column":4}},"line":40},"2":{"name":"handleChangePassword","decl":{"start":{"line":55,"column":31},"end":{"line":81,"column":4}},"loc":{"start":{"line":55,"column":31},"end":{"line":81,"column":4}},"line":55},"3":{"name":"handleUpdateApiKey","decl":{"start":{"line":83,"column":29},"end":{"line":96,"column":4}},"loc":{"start":{"line":83,"column":29},"end":{"line":96,"column":4}},"line":83},"4":{"name":"fieldError","decl":{"start":{"line":98,"column":21},"end":{"line":98,"column":78}},"loc":{"start":{"line":98,"column":21},"end":{"line":98,"column":78}},"line":98},"5":{"name":"onChange","decl":{"start":{"line":119,"column":26},"end":{"line":119,"column":35}},"loc":{"start":{"line":119,"column":26},"end":{"line":119,"column":35}},"line":119}},"f":{"0":43,"1":3,"2":3,"3":1,"4":129,"5":0}}
,"D:\\Faza\\Program\\ParentShield\\resources\\js\\pages\\SetupApiKey.tsx": {"path":"D:\\Faza\\Program\\ParentShield\\resources\\js\\pages\\SetupApiKey.tsx","all":false,"statementMap":{"0":{"start":{"line":1,"column":0},"end":{"line":1,"column":60}},"9":{"start":{"line":10,"column":0},"end":{"line":10,"column":39}},"10":{"start":{"line":11,"column":0},"end":{"line":11,"column":47}},"11":{"start":{"line":12,"column":0},"end":{"line":12,"column":34}},"12":{"start":{"line":13,"column":0},"end":{"line":13,"column":33}},"13":{"start":{"line":14,"column":0},"end":{"line":14,"column":43}},"14":{"start":{"line":15,"column":0},"end":{"line":15,"column":62}},"16":{"start":{"line":17,"column":0},"end":{"line":17,"column":43}},"17":{"start":{"line":18,"column":0},"end":{"line":18,"column":54}},"18":{"start":{"line":19,"column":0},"end":{"line":19,"column":48}},"19":{"start":{"line":20,"column":0},"end":{"line":20,"column":41}},"20":{"start":{"line":21,"column":0},"end":{"line":21,"column":60}},"22":{"start":{"line":23,"column":0},"end":{"line":23,"column":19}},"23":{"start":{"line":24,"column":0},"end":{"line":24,"column":37}},"24":{"start":{"line":25,"column":0},"end":{"line":25,"column":48}},"25":{"start":{"line":26,"column":0},"end":{"line":26,"column":5}},"26":{"start":{"line":27,"column":0},"end":{"line":27,"column":43}},"28":{"start":{"line":29,"column":0},"end":{"line":29,"column":48}},"29":{"start":{"line":30,"column":0},"end":{"line":30,"column":23}},"31":{"start":{"line":32,"column":0},"end":{"line":32,"column":25}},"32":{"start":{"line":33,"column":0},"end":{"line":33,"column":41}},"33":{"start":{"line":34,"column":0},"end":{"line":34,"column":13}},"34":{"start":{"line":35,"column":0},"end":{"line":35,"column":5}},"35":{"start":{"line":36,"column":0},"end":{"line":36,"column":17}},"36":{"start":{"line":37,"column":0},"end":{"line":37,"column":21}},"38":{"start":{"line":39,"column":0},"end":{"line":39,"column":9}},"39":{"start":{"line":40,"column":0},"end":{"line":40,"column":39}},"40":{"start":{"line":41,"column":0},"end":{"line":41,"column":29}},"41":{"start":{"line":42,"column":0},"end":{"line":42,"column":26}},"42":{"start":{"line":43,"column":0},"end":{"line":43,"column":81}},"43":{"start":{"line":44,"column":0},"end":{"line":44,"column":28}},"44":{"start":{"line":45,"column":0},"end":{"line":45,"column":94}},"45":{"start":{"line":46,"column":0},"end":{"line":46,"column":56}},"46":{"start":{"line":47,"column":0},"end":{"line":47,"column":54}},"47":{"start":{"line":48,"column":0},"end":{"line":48,"column":52}},"48":{"start":{"line":49,"column":0},"end":{"line":49,"column":14}},"49":{"start":{"line":50,"column":0},"end":{"line":50,"column":76}},"50":{"start":{"line":51,"column":0},"end":{"line":51,"column":7}},"51":{"start":{"line":52,"column":0},"end":{"line":52,"column":15}},"52":{"start":{"line":53,"column":0},"end":{"line":53,"column":24}},"53":{"start":{"line":54,"column":0},"end":{"line":54,"column":5}},"54":{"start":{"line":55,"column":0},"end":{"line":55,"column":4}},"56":{"start":{"line":57,"column":0},"end":{"line":57,"column":10}},"57":{"start":{"line":58,"column":0},"end":{"line":58,"column":16}},"58":{"start":{"line":59,"column":0},"end":{"line":59,"column":56}},"59":{"start":{"line":60,"column":0},"end":{"line":60,"column":62}},"60":{"start":{"line":61,"column":0},"end":{"line":61,"column":51}},"61":{"start":{"line":62,"column":0},"end":{"line":62,"column":26}},"62":{"start":{"line":63,"column":0},"end":{"line":63,"column":61}},"64":{"start":{"line":65,"column":0},"end":{"line":65,"column":19}},"65":{"start":{"line":66,"column":0},"end":{"line":66,"column":16}},"66":{"start":{"line":67,"column":0},"end":{"line":67,"column":14}},"68":{"start":{"line":69,"column":0},"end":{"line":69,"column":54}},"69":{"start":{"line":70,"column":0},"end":{"line":70,"column":60}},"70":{"start":{"line":71,"column":0},"end":{"line":71,"column":49}},"71":{"start":{"line":72,"column":0},"end":{"line":72,"column":61}},"72":{"start":{"line":73,"column":0},"end":{"line":73,"column":14}},"73":{"start":{"line":74,"column":0},"end":{"line":74,"column":75}},"75":{"start":{"line":76,"column":0},"end":{"line":76,"column":13}},"76":{"start":{"line":77,"column":0},"end":{"line":77,"column":77}},"79":{"start":{"line":80,"column":0},"end":{"line":80,"column":12}},"80":{"start":{"line":81,"column":0},"end":{"line":81,"column":12}},"82":{"start":{"line":83,"column":0},"end":{"line":83,"column":53}},"83":{"start":{"line":84,"column":0},"end":{"line":84,"column":24}},"84":{"start":{"line":85,"column":0},"end":{"line":85,"column":95}},"87":{"start":{"line":88,"column":0},"end":{"line":88,"column":16}},"89":{"start":{"line":90,"column":0},"end":{"line":90,"column":50}},"91":{"start":{"line":92,"column":0},"end":{"line":92,"column":81}},"92":{"start":{"line":93,"column":0},"end":{"line":93,"column":20}},"93":{"start":{"line":94,"column":0},"end":{"line":94,"column":24}},"94":{"start":{"line":95,"column":0},"end":{"line":95,"column":29}},"95":{"start":{"line":96,"column":0},"end":{"line":96,"column":51}},"96":{"start":{"line":97,"column":0},"end":{"line":97,"column":26}},"97":{"start":{"line":98,"column":0},"end":{"line":98,"column":72}},"98":{"start":{"line":99,"column":0},"end":{"line":99,"column":49}},"99":{"start":{"line":100,"column":0},"end":{"line":100,"column":30}},"100":{"start":{"line":101,"column":0},"end":{"line":101,"column":30}},"101":{"start":{"line":102,"column":0},"end":{"line":102,"column":30}},"102":{"start":{"line":103,"column":0},"end":{"line":103,"column":26}},"103":{"start":{"line":104,"column":0},"end":{"line":104,"column":21}},"104":{"start":{"line":105,"column":0},"end":{"line":105,"column":29}},"105":{"start":{"line":106,"column":0},"end":{"line":106,"column":58}},"106":{"start":{"line":107,"column":0},"end":{"line":107,"column":29}},"108":{"start":{"line":109,"column":0},"end":{"line":109,"column":59}},"109":{"start":{"line":110,"column":0},"end":{"line":110,"column":23}},"111":{"start":{"line":112,"column":0},"end":{"line":112,"column":12}},"113":{"start":{"line":114,"column":0},"end":{"line":114,"column":32}},"114":{"start":{"line":115,"column":0},"end":{"line":115,"column":19}},"115":{"start":{"line":116,"column":0},"end":{"line":116,"column":27}},"116":{"start":{"line":117,"column":0},"end":{"line":117,"column":32}},"117":{"start":{"line":118,"column":0},"end":{"line":118,"column":231}},"119":{"start":{"line":120,"column":0},"end":{"line":120,"column":93}},"120":{"start":{"line":121,"column":0},"end":{"line":121,"column":21}},"121":{"start":{"line":122,"column":0},"end":{"line":122,"column":16}},"122":{"start":{"line":123,"column":0},"end":{"line":123,"column":15}},"123":{"start":{"line":124,"column":0},"end":{"line":124,"column":12}},"125":{"start":{"line":126,"column":0},"end":{"line":126,"column":53}},"126":{"start":{"line":127,"column":0},"end":{"line":127,"column":63}},"127":{"start":{"line":128,"column":0},"end":{"line":128,"column":15}},"128":{"start":{"line":129,"column":0},"end":{"line":129,"column":41}},"129":{"start":{"line":130,"column":0},"end":{"line":130,"column":27}},"130":{"start":{"line":131,"column":0},"end":{"line":131,"column":48}},"131":{"start":{"line":132,"column":0},"end":{"line":132,"column":11}},"133":{"start":{"line":134,"column":0},"end":{"line":134,"column":17}},"134":{"start":{"line":135,"column":0},"end":{"line":135,"column":12}},"135":{"start":{"line":136,"column":0},"end":{"line":136,"column":12}},"136":{"start":{"line":137,"column":0},"end":{"line":137,"column":17}},"138":{"start":{"line":139,"column":0},"end":{"line":139,"column":1}}},"s":{"0":1,"9":11,"10":11,"11":11,"12":11,"13":11,"14":11,"16":11,"17":11,"18":11,"19":11,"20":11,"22":11,"23":11,"24":0,"25":0,"26":11,"28":11,"29":3,"31":3,"32":1,"33":1,"34":1,"35":2,"36":2,"38":2,"39":2,"40":1,"41":1,"42":1,"43":1,"44":1,"45":1,"46":0,"47":0,"48":1,"49":1,"50":1,"51":3,"52":2,"53":2,"54":3,"56":11,"57":11,"58":11,"59":11,"60":11,"61":11,"62":11,"64":11,"65":11,"66":11,"68":11,"69":11,"70":11,"71":11,"72":11,"73":11,"75":11,"76":11,"79":11,"80":11,"82":11,"83":11,"84":0,"87":0,"89":11,"91":11,"92":11,"93":11,"94":11,"95":11,"96":11,"97":11,"98":11,"99":11,"100":11,"101":11,"102":11,"103":11,"104":11,"105":11,"106":11,"108":11,"109":11,"111":11,"113":11,"114":11,"115":11,"116":11,"117":11,"119":11,"120":11,"121":11,"122":11,"123":11,"125":11,"126":11,"127":11,"128":11,"129":11,"130":11,"131":11,"133":11,"134":11,"135":11,"136":11,"138":11},"branchMap":{"0":{"type":"branch","line":10,"loc":{"start":{"line":10,"column":0},"end":{"line":139,"column":1}},"locations":[{"start":{"line":10,"column":0},"end":{"line":139,"column":1}}]},"1":{"type":"branch","line":84,"loc":{"start":{"line":84,"column":9},"end":{"line":88,"column":16}},"locations":[{"start":{"line":84,"column":9},"end":{"line":88,"column":16}}]},"2":{"type":"branch","line":90,"loc":{"start":{"line":90,"column":9},"end":{"line":90,"column":50}},"locations":[{"start":{"line":90,"column":9},"end":{"line":90,"column":50}}]},"3":{"type":"branch","line":96,"loc":{"start":{"line":96,"column":18},"end":{"line":96,"column":40}},"locations":[{"start":{"line":96,"column":18},"end":{"line":96,"column":40}}]},"4":{"type":"branch","line":109,"loc":{"start":{"line":109,"column":17},"end":{"line":109,"column":47}},"locations":[{"start":{"line":109,"column":17},"end":{"line":109,"column":47}}]},"5":{"type":"branch","line":120,"loc":{"start":{"line":120,"column":15},"end":{"line":120,"column":72}},"locations":[{"start":{"line":120,"column":15},"end":{"line":120,"column":72}}]},"6":{"type":"branch","line":120,"loc":{"start":{"line":120,"column":67},"end":{"line":120,"column":93}},"locations":[{"start":{"line":120,"column":67},"end":{"line":120,"column":93}}]},"7":{"type":"branch","line":23,"loc":{"start":{"line":23,"column":12},"end":{"line":27,"column":5}},"locations":[{"start":{"line":23,"column":12},"end":{"line":27,"column":5}}]},"8":{"type":"branch","line":24,"loc":{"start":{"line":24,"column":8},"end":{"line":24,"column":36}},"locations":[{"start":{"line":24,"column":8},"end":{"line":24,"column":36}}]},"9":{"type":"branch","line":24,"loc":{"start":{"line":24,"column":36},"end":{"line":26,"column":5}},"locations":[{"start":{"line":24,"column":36},"end":{"line":26,"column":5}}]},"10":{"type":"branch","line":29,"loc":{"start":{"line":29,"column":23},"end":{"line":55,"column":4}},"locations":[{"start":{"line":29,"column":23},"end":{"line":55,"column":4}}]},"11":{"type":"branch","line":32,"loc":{"start":{"line":32,"column":24},"end":{"line":35,"column":5}},"locations":[{"start":{"line":32,"column":24},"end":{"line":35,"column":5}}]},"12":{"type":"branch","line":35,"loc":{"start":{"line":35,"column":4},"end":{"line":40,"column":39}},"locations":[{"start":{"line":35,"column":4},"end":{"line":40,"column":39}}]},"13":{"type":"branch","line":40,"loc":{"start":{"line":40,"column":37},"end":{"line":52,"column":6}},"locations":[{"start":{"line":40,"column":37},"end":{"line":52,"column":6}}]},"14":{"type":"branch","line":46,"loc":{"start":{"line":46,"column":22},"end":{"line":46,"column":55}},"locations":[{"start":{"line":46,"column":22},"end":{"line":46,"column":55}}]},"15":{"type":"branch","line":46,"loc":{"start":{"line":46,"column":55},"end":{"line":49,"column":13}},"locations":[{"start":{"line":46,"column":55},"end":{"line":49,"column":13}}]},"16":{"type":"branch","line":50,"loc":{"start":{"line":50,"column":20},"end":{"line":50,"column":74}},"locations":[{"start":{"line":50,"column":20},"end":{"line":50,"column":74}}]},"17":{"type":"branch","line":52,"loc":{"start":{"line":52,"column":4},"end":{"line":54,"column":5}},"locations":[{"start":{"line":52,"column":4},"end":{"line":54,"column":5}}]},"18":{"type":"branch","line":98,"loc":{"start":{"line":98,"column":22},"end":{"line":98,"column":72}},"locations":[{"start":{"line":98,"column":22},"end":{"line":98,"column":72}}]},"19":{"type":"branch","line":98,"loc":{"start":{"line":98,"column":56},"end":{"line":98,"column":70}},"locations":[{"start":{"line":98,"column":56},"end":{"line":98,"column":70}}]}},"b":{"0":[11],"1":[0],"2":[2],"3":[0],"4":[0],"5":[2],"6":[9],"7":[11],"8":[1],"9":[0],"10":[3],"11":[1],"12":[2],"13":[1],"14":[0],"15":[0],"16":[0],"17":[2],"18":[2],"19":[0]},"fnMap":{"0":{"name":"SetupApiKey","decl":{"start":{"line":10,"column":0},"end":{"line":139,"column":1}},"loc":{"start":{"line":10,"column":0},"end":{"line":139,"column":1}},"line":10},"1":{"name":"handleSubmit","decl":{"start":{"line":29,"column":23},"end":{"line":55,"column":4}},"loc":{"start":{"line":29,"column":23},"end":{"line":55,"column":4}},"line":29},"2":{"name":"onChange","decl":{"start":{"line":98,"column":22},"end":{"line":98,"column":72}},"loc":{"start":{"line":98,"column":22},"end":{"line":98,"column":72}},"line":98},"3":{"name":"onClick","decl":{"start":{"line":106,"column":25},"end":{"line":106,"column":58}},"loc":{"start":{"line":106,"column":25},"end":{"line":106,"column":58}},"line":106}},"f":{"0":11,"1":3,"2":2,"3":0}}
}
